[15:32:50.818] [Main Thread/INFO] [tML]: Starting tModLoader client 1.4.4.9+2023.12.3.1|2023.12|stable|Stable|13b2d724a2e0993eedd7e7db1798a1ed24672f74|5250112128237514429 built 3/02/2024 9:36 p. m.
[15:32:50.830] [Main Thread/INFO] [tML]: Log date: 25/02/2024
[15:32:50.831] [Main Thread/INFO] [tML]: Running on Windows (v10.0.19045.0) X64 NetCore 6.0.14
[15:32:50.831] [Main Thread/INFO] [tML]: FrameworkDescription: .NET 6.0.14
[15:32:50.831] [Main Thread/INFO] [tML]: Executable: F:\ssteam\steamapps\common\tModLoader\tModLoader.dll
[15:32:50.831] [Main Thread/INFO] [tML]: Working Directory: F:\ssteam\steamapps\common\tModLoader
[15:32:51.452] [Main Thread/INFO] [tML]: Saves Are Located At: C:\Users\Administrator\Documents\My Games\Terraria\tModLoader
[15:32:51.482] [Main Thread/INFO] [tML]: Display DPI: Diagonal DPI is 96. Vertical DPI is 96. Horizontal DPI is 96
[15:32:51.482] [Main Thread/INFO] [tML]: High DPI Display detected: setting FNA to highdpi mode
[15:32:51.489] [Main Thread/DEBUG] [FNA]: Querying linked library versions...
[15:32:51.490] [Main Thread/DEBUG] [FNA]: SDL v2.28.2
[15:32:51.493] [Main Thread/DEBUG] [FNA]: FNA3D v23.10.0
[15:32:51.500] [Main Thread/DEBUG] [FNA]: FAudio v22.9.1
[15:32:52.157] [Main Thread/INFO] [tML]: Distribution Platform: Steam. Detection method: CWD is /steamapps/
[15:32:52.210] [Main Thread/DEBUG] [tML]: Process.Start (UseShellExecute = False): "F:\ssteam\steamapps\common\tModLoader\dotnet\6.0.14\dotnet.exe" tModLoader.dll -terrariasteamclient 1264
[15:32:52.890] [Main Thread/DEBUG] [TerrariaSteamClient]: Recv: init_success
[15:32:52.891] [Main Thread/DEBUG] [TerrariaSteamClient]: Send: acknowledged
[15:32:54.642] [Main Thread/INFO] [Terraria]: Steam Cloud Quota: 870.7 MB available
[15:32:54.644] [Main Thread/INFO] [tML]: Steam beta branch: None
[15:32:54.644] [Main Thread/INFO] [tML]: SteamBackend: Running standard Steam Desktop Client API
[15:32:54.645] [Main Thread/INFO] [tML]: Current 1281930 Workshop Folder Directory: F:\ssteam\steamapps\common\tModLoader\..\..\workshop
[15:32:55.168] [Main Thread/INFO] [FNA]: SDL Video Diver: windows
[15:32:55.169] [Main Thread/INFO] [FNA]: FNA3D Driver: D3D11
[15:32:55.169] [Main Thread/INFO] [FNA]: D3D11 Adapter: NVIDIA GeForce GT 1030
[15:32:55.198] [Main Thread/INFO] [tML]: Terraria Steam Install Location assumed to be: F:\ssteam\steamapps\common\Terraria
[15:32:57.148] [Main Thread/INFO] [tML]: Maximum Resolution is 1920 x 1200
[15:32:57.167] [Main Thread/DEBUG] [Terraria]: Device Created, Adapter: LG TV, DisplayMode: {{Width:1360 Height:768 Format:Color}}, Profile: HiDef, Width: 1360, Height: 768, Fullscreen: False, Display: \\.\DISPLAY1
[15:32:57.170] [Main Thread/DEBUG] [Terraria]: Device Reset, Adapter: LG TV, DisplayMode: {{Width:1360 Height:768 Format:Color}}, Profile: HiDef, Width: 1360, Height: 768, Fullscreen: False -> True, Display: \\.\DISPLAY1
[15:32:57.175] [Main Thread/DEBUG] [Terraria]: Device Reset, Adapter: LG TV, DisplayMode: {{Width:1360 Height:768 Format:Color}}, Profile: HiDef, Width: 1360, Height: 768, Fullscreen: True, Display: \\.\DISPLAY1
[15:32:57.744] [Main Thread/INFO] [FNA]: SDL Audio Diver: 
[15:32:58.096] [Main Thread/INFO] [tML]: Loading the following resource packs: Calamity Texture Pack, [c/9e9fc2:Dark Fantasy Health/Mana]
[15:32:58.401] [Main Thread/DEBUG] [tML]: Native Resolve: tModLoader, Version=1.4.4.9, Culture=neutral, PublicKeyToken=null -> RzChromaSDK64.dll
[15:32:58.401] [Main Thread/DEBUG] [tML]: 	not found
[15:33:10.323] [9/DEBUG] [tML]: SSDP search line separator: CRLF
[15:33:33.728] [Main Thread/INFO] [tML]: 3 most recently changed workshop mods: CalamityOverhaul v0.342 25/2/2024, MountAndJourney v0.93.2 24/2/2024, Remnants v1.5.16.2 24/2/2024
[15:33:33.730] [Main Thread/INFO] [tML]: Mod Changes since last launch:
Mods actualizados:
  CalamityOverhaul (Calamity Overhaul) v0.331 -> v0.342
  MountAndJourney (Mount and Journey) v0.93.1 -> v0.93.2
  Remnants ([c/81FEFF:Remnants]) v1.5.16.1 -> v1.5.16.2
[15:34:46.855] [.NET ThreadPool Worker/INFO] [tML]: Buscando mods...
[15:34:46.875] [.NET ThreadPool Worker/INFO] [tML]: Aislando: BDFXmod (Block's Death FX) v1.4.3.3
[15:34:46.993] [.NET ThreadPool Worker/INFO] [tML]: Aislando: BossChecklist (Boss Checklist) v2.1.3
[15:34:47.014] [.NET ThreadPool Worker/INFO] [tML]: Aislando: BossCursor (Boss Cursor) v3.0.0
[15:34:47.023] [.NET ThreadPool Worker/INFO] [tML]: Aislando: CalamityMod (Calamity Mod) v2.0.3.9
[15:34:47.851] [.NET ThreadPool Worker/INFO] [tML]: Aislando: CalamityModEsp (Calamity mod Traducción Español/Calamity Mod spanish translation) v1.11.0.0
[15:34:47.862] [.NET ThreadPool Worker/INFO] [tML]: Aislando: CalamityModMusic (Calamity Mod Music) v2.0.3.7
[15:34:47.880] [.NET ThreadPool Worker/INFO] [tML]: Aislando: CalamityOverhaul (Calamity Overhaul) v0.342
[15:34:47.970] [.NET ThreadPool Worker/INFO] [tML]: Aislando: ClickerClass (The Clicker Class) v1.4.1
[15:34:48.015] [.NET ThreadPool Worker/INFO] [tML]: Aislando: Fargowiltas (Fargo's Mutant Mod) v3.3
[15:34:48.082] [.NET ThreadPool Worker/INFO] [tML]: Aislando: MBStats (Multiplayer Boss-Fight Stats) v0.4.7
[15:34:48.096] [.NET ThreadPool Worker/INFO] [tML]: Aislando: NoMoreTombs (No More Tombs) v2.0
[15:34:48.108] [.NET ThreadPool Worker/INFO] [tML]: Aislando: OreExcavator (Ore Excavator (1.4.3/1.4.4 Veinminer)) v0.8.7
[15:34:48.118] [.NET ThreadPool Worker/INFO] [tML]: Aislando: ThoriumMod (Thorium Mod) v1.7.1.5
[15:34:48.705] [.NET ThreadPool Worker/INFO] [tML]: Aislando: RagnarokMod (RagnarokMod) v1.2
[15:34:48.717] [.NET ThreadPool Worker/INFO] [tML]: Aislando: RecipeBrowser (Recipe Browser) v0.10.3.1
[15:34:48.736] [.NET ThreadPool Worker/INFO] [tML]: Aislando: SerousCommonLib (absoluteAquarian Utilities) v1.0.5.1
[15:34:48.750] [.NET ThreadPool Worker/INFO] [tML]: Aislando: StructureHelper (Structure Helper) v2.4.0
[15:34:48.760] [.NET ThreadPool Worker/INFO] [tML]: Aislando: SubworldLibrary (Subworld Library) v2.2.2.1
[15:34:48.768] [.NET ThreadPool Worker/INFO] [tML]: Aislando: UnCalamityModMusic (Vanilla Calamity Mod Music) v1.11.1
[15:34:48.792] [.NET ThreadPool Worker/INFO] [tML]: Aislando: WeaponDisplayLite (ArmamentDisplayLite) v1.45
[15:34:48.799] [.NET ThreadPool Worker/INFO] [tML]: Aislando: WingSlotExtra (Wing Slot Extra) v1.4.4
[15:34:48.810] [.NET ThreadPool Worker/INFO] [tML]: Instanciando mods...
[15:34:50.590] [.NET ThreadPool Worker/INFO] [tML]: Cargando mod: ModLoader (tModLoader) v2023.12.3.1
[15:34:50.818] [.NET ThreadPool Worker/INFO] [tML]: Cargando mod: BDFXmod (Block's Death FX) v1.4.3.3
[15:34:51.084] [.NET ThreadPool Worker/INFO] [tML]: Cargando mod: BossChecklist (Boss Checklist) v2.1.3
[15:34:52.196] [.NET ThreadPool Worker/DEBUG] [tML]: Hook Terraria.Main::UpdateTime_StartDay(ref bool) added by BossChecklist
[15:34:52.221] [.NET ThreadPool Worker/DEBUG] [tML]: Hook Terraria.Main::UpdateTime_StartNight(ref bool) added by BossChecklist
[15:34:52.273] [.NET ThreadPool Worker/DEBUG] [tML]: Hook Terraria.Player::ApplyMusicBox(Item) added by BossChecklist
[15:34:52.362] [.NET ThreadPool Worker/INFO] [tML]: Cargando mod: BossCursor (Boss Cursor) v3.0.0
[15:34:52.467] [.NET ThreadPool Worker/INFO] [tML]: Cargando mod: CalamityMod (Calamity Mod) v2.0.3.9
[15:35:16.840] [Main Thread/DEBUG] [tML]: Hook Terraria.Main::CheckMonoliths() added by CalamityMod
[15:35:16.898] [Main Thread/DEBUG] [tML]: Hook Terraria.Main::DrawNPCs(bool) added by CalamityMod
[15:35:16.899] [.NET ThreadPool Worker/DEBUG] [tML]: Hook Terraria.Player::KeyDoubleTap(int) added by CalamityMod
[15:35:16.919] [Main Thread/DEBUG] [tML]: Hook Terraria.Main::DrawProjectiles() added by CalamityMod
[15:35:16.928] [Main Thread/DEBUG] [tML]: Hook Terraria.Main::DrawPlayers_AfterProjectiles() added by CalamityMod
[15:35:16.935] [.NET ThreadPool Worker/DEBUG] [tML]: Hook Terraria.Player::QuickMount() added by CalamityMod
[15:35:16.937] [Main Thread/DEBUG] [tML]: Hook Terraria.Main::DrawBackgroundBlackFill() added by CalamityMod
[15:35:16.964] [Main Thread/DEBUG] [tML]: Hook Terraria.Main::DrawInfernoRings() added by CalamityMod
[15:35:17.151] [.NET ThreadPool Worker/DEBUG] [tML]: Hook Terraria.Player::dropItemCheck() added by CalamityMod
[15:35:17.186] [.NET ThreadPool Worker/DEBUG] [tML]: Hook Terraria.UI.ItemSlot::LeftClick(Item[], int, int) added by CalamityMod
[15:35:17.266] [.NET ThreadPool Worker/DEBUG] [tML]: Hook Terraria.UI.ItemSlot::Draw(SpriteBatch, Item[], int, int, Vector2, Color) added by CalamityMod
[15:35:17.275] [.NET ThreadPool Worker/DEBUG] [tML]: Hook Terraria.Player::KeyDoubleTap(int) added by CalamityMod
[15:35:17.288] [.NET ThreadPool Worker/DEBUG] [tML]: Hook Terraria.Main::DrawPendingMouseText() added by CalamityMod
[15:35:17.338] [.NET ThreadPool Worker/DEBUG] [tML]: Hook Terraria.Item::CanFillEmptyAmmoSlot() added by CalamityMod
[15:35:21.062] [.NET ThreadPool Worker/DEBUG] [tML]: Hook Terraria.Main::DrawProjectiles() added by CalamityMod
[15:35:21.077] [.NET ThreadPool Worker/DEBUG] [tML]: Hook Terraria.Main::DrawNPCs(bool) added by CalamityMod
[15:35:21.193] [.NET ThreadPool Worker/DEBUG] [tML]: ILHook Terraria.Main::DoDraw(GameTime) added by CalamityMod
[15:35:21.208] [.NET ThreadPool Worker/DEBUG] [tML]: Hook Terraria.Main::DrawGore() added by CalamityMod
[15:35:21.228] [.NET ThreadPool Worker/DEBUG] [tML]: Hook Terraria.Main::DrawCursor(Vector2, bool) added by CalamityMod
[15:35:21.233] [.NET ThreadPool Worker/DEBUG] [tML]: Hook Terraria.Main::SortDrawCacheWorms() added by CalamityMod
[15:35:21.235] [.NET ThreadPool Worker/DEBUG] [tML]: Hook Terraria.Main::DrawInfernoRings() added by CalamityMod
[15:35:21.243] [.NET ThreadPool Worker/DEBUG] [tML]: Hook Terraria.GameContent.Drawing.TileDrawing::DrawPartialLiquid(bool, Tile, ref Vector2, ref Rectangle, int, ref VertexColors) added by CalamityMod
[15:35:21.250] [.NET ThreadPool Worker/DEBUG] [tML]: Hook Terraria.WaterfallManager::DrawWaterfall(int, int, int, float, Vector2, Rectangle, Color, SpriteEffects) added by CalamityMod
[15:35:21.264] [.NET ThreadPool Worker/DEBUG] [tML]: ILHook Terraria.GameContent.Liquid.LiquidRenderer::DrawNormalLiquids(SpriteBatch, Vector2, int, float, bool) added by CalamityMod
[15:35:21.310] [.NET ThreadPool Worker/DEBUG] [tML]: ILHook Terraria.Main::oldDrawWater(bool, int, float) added by CalamityMod
[15:35:21.320] [.NET ThreadPool Worker/DEBUG] [tML]: Hook Terraria.Graphics.Light.TileLightScanner::GetTileLight(int, int, out Vector3) added by CalamityMod
[15:35:21.324] [.NET ThreadPool Worker/DEBUG] [tML]: Hook Terraria.GameContent.Drawing.TileDrawing::PreDrawTiles(bool, bool, bool) added by CalamityMod
[15:35:21.346] [.NET ThreadPool Worker/DEBUG] [tML]: Hook Terraria.GameContent.Drawing.TileDrawing::Draw(bool, bool, bool, int) added by CalamityMod
[15:35:21.352] [.NET ThreadPool Worker/DEBUG] [tML]: Hook Terraria.GameContent.ItemDropRules.CommonCode::ModifyItemDropFromNPC(NPC, int) added by CalamityMod
[15:35:21.364] [.NET ThreadPool Worker/DEBUG] [tML]: Hook Terraria.Player::UpdateItemDye(bool, bool, Item, Item) added by CalamityMod
[15:35:21.440] [.NET ThreadPool Worker/DEBUG] [tML]: Hook Terraria.Player::ApplyEquipFunctional(Item, bool) added by CalamityMod
[15:35:21.445] [.NET ThreadPool Worker/DEBUG] [tML]: Hook Terraria.Player::ApplyEquipVanity(Item) added by CalamityMod
[15:35:21.497] [.NET ThreadPool Worker/DEBUG] [tML]: Hook Terraria.Player::UpdateArmorSets(int) added by CalamityMod
[15:35:21.517] [.NET ThreadPool Worker/DEBUG] [tML]: ILHook Terraria.Main::UpdateTime() added by CalamityMod
[15:35:21.537] [.NET ThreadPool Worker/DEBUG] [tML]: Hook Terraria.Main::UpdateTime_SpawnTownNPCs() added by CalamityMod
[15:35:21.543] [.NET ThreadPool Worker/DEBUG] [tML]: Hook Terraria.NPC::ShouldEmpressBeEnraged() added by CalamityMod
[15:35:21.550] [.NET ThreadPool Worker/DEBUG] [tML]: ILHook Terraria.Player::CollectTaxes() added by CalamityMod
[15:35:21.689] [.NET ThreadPool Worker/DEBUG] [tML]: ILHook Terraria.Projectile::Damage() added by CalamityMod
[15:35:21.692] [.NET ThreadPool Worker/DEBUG] [tML]: Hook Terraria.NPC::ApplyTileCollision(bool, Vector2, int, int) added by CalamityMod
[15:35:21.739] [.NET ThreadPool Worker/DEBUG] [tML]: ILHook Terraria.Player::ApplyEquipFunctional(Item, bool) added by CalamityMod
[15:35:21.748] [.NET ThreadPool Worker/DEBUG] [tML]: ILHook Terraria.Player::Hurt(PlayerDeathReason, int, int, out HurtInfo, bool, bool, int, bool, float, float, float) added by CalamityMod
[15:35:21.781] [.NET ThreadPool Worker/DEBUG] [tML]: ILHook Terraria.Player::DashMovement() added by CalamityMod
[15:35:21.786] [.NET ThreadPool Worker/DEBUG] [tML]: Hook Terraria.Player::DoCommonDashHandle(out int, out bool, DashStartAction) added by CalamityMod
[15:35:21.789] [.NET ThreadPool Worker/DEBUG] [tML]: ILHook Terraria.Player::GiveImmuneTimeForCollisionAttack(int) added by CalamityMod
[15:35:21.807] [.NET ThreadPool Worker/DEBUG] [tML]: ILHook Terraria.Player::Update_NPCCollision() added by CalamityMod
[15:35:21.828] [.NET ThreadPool Worker/DEBUG] [tML]: Hook Terraria.WorldGen::OpenDoor(int, int, int) added by CalamityMod
[15:35:21.836] [.NET ThreadPool Worker/DEBUG] [tML]: Hook Terraria.WorldGen::CloseDoor(int, int, bool) added by CalamityMod
[15:35:21.840] [.NET ThreadPool Worker/DEBUG] [tML]: Hook Terraria.Item::AffixName() added by CalamityMod
[15:35:21.852] [.NET ThreadPool Worker/DEBUG] [tML]: Hook Terraria.Projectile::NewProjectile(IEntitySource, float, float, float, float, int, int, float, int, float, float, float) added by CalamityMod
[15:35:21.857] [.NET ThreadPool Worker/DEBUG] [tML]: Hook Terraria.NPC::Collision_DecideFallThroughPlatforms() added by CalamityMod
[15:35:21.936] [.NET ThreadPool Worker/DEBUG] [tML]: ILHook Terraria.Wiring::HitWireSingle(int, int) added by CalamityMod
[15:35:21.938] [.NET ThreadPool Worker/DEBUG] [tML]: Hook Terraria.Player::UpdateItemDye(bool, bool, Item, Item) added by CalamityMod
[15:35:21.943] [.NET ThreadPool Worker/DEBUG] [tML]: ILHook Terraria.Player::ApplyLifeAndOrMana(Item) added by CalamityMod
[15:35:21.954] [.NET ThreadPool Worker/DEBUG] [tML]: Hook Terraria.Player::GrappleMovement() added by CalamityMod
[15:35:21.964] [.NET ThreadPool Worker/DEBUG] [tML]: Hook Terraria.Player::UpdatePettingAnimal() added by CalamityMod
[15:35:22.031] [.NET ThreadPool Worker/DEBUG] [tML]: Hook Terraria.Player::PlayerFrame() added by CalamityMod
[15:35:22.034] [.NET ThreadPool Worker/DEBUG] [tML]: Hook Terraria.Player::SlopeDownMovement() added by CalamityMod
[15:35:22.038] [.NET ThreadPool Worker/DEBUG] [tML]: Hook Terraria.Main::DamageVar(float, int, float) added by CalamityMod
[15:35:22.041] [.NET ThreadPool Worker/DEBUG] [tML]: ILHook Terraria.NPC::ScaleStats_ApplyExpertTweaks() added by CalamityMod
[15:35:22.548] [.NET ThreadPool Worker/DEBUG] [tML]: ILHook Terraria.Projectile::AI_001() added by CalamityMod
[15:35:22.574] [.NET ThreadPool Worker/DEBUG] [tML]: ILHook Terraria.Projectile::AI_099_2() added by CalamityMod
[15:35:22.735] [.NET ThreadPool Worker/DEBUG] [tML]: ILHook Terraria.Player::UpdateBuffs(int) added by CalamityMod
[15:35:22.740] [.NET ThreadPool Worker/DEBUG] [tML]: ILHook Terraria.Player::UpdateJumpHeight() added by CalamityMod
[15:35:23.018] [.NET ThreadPool Worker/DEBUG] [tML]: ILHook Terraria.Player::Update(int) added by CalamityMod
[15:35:23.223] [.NET ThreadPool Worker/DEBUG] [tML]: ILHook Terraria.Player::Update(int) added by CalamityMod
[15:35:23.415] [.NET ThreadPool Worker/DEBUG] [tML]: ILHook Terraria.Player::Update(int) added by CalamityMod
[15:35:23.423] [.NET ThreadPool Worker/DEBUG] [tML]: ILHook Terraria.Player::WingMovement() added by CalamityMod
[15:35:23.450] [.NET ThreadPool Worker/DEBUG] [tML]: ILHook Terraria.Player::UpdateLifeRegen() added by CalamityMod
[15:35:23.652] [.NET ThreadPool Worker/DEBUG] [tML]: ILHook Terraria.Player::Update(int) added by CalamityMod
[15:35:23.669] [.NET ThreadPool Worker/DEBUG] [tML]: ILHook Terraria.Player::UpdateManaRegen() added by CalamityMod
[15:35:23.708] [.NET ThreadPool Worker/DEBUG] [tML]: ILHook Terraria.Projectile::StatusPlayer(int) added by CalamityMod
[15:35:23.732] [.NET ThreadPool Worker/DEBUG] [tML]: ILHook Terraria.WorldGen::Pyramid(int, int) added by CalamityMod
[15:35:23.826] [.NET ThreadPool Worker/DEBUG] [tML]: ILHook Terraria.WorldGen::GrowLivingTree(int, int, bool) added by CalamityMod
[15:35:23.838] [.NET ThreadPool Worker/DEBUG] [tML]: Hook Terraria.WorldGen::SmashAltar(int, int) added by CalamityMod
[15:35:23.890] [.NET ThreadPool Worker/DEBUG] [tML]: ILHook Terraria.WorldGen::hardUpdateWorld(int, int) added by CalamityMod
[15:35:23.894] [.NET ThreadPool Worker/DEBUG] [tML]: ILHook Terraria.WorldGen::Chlorophyte(int, int) added by CalamityMod
[15:35:23.903] [.NET ThreadPool Worker/DEBUG] [tML]: ILHook Terraria.GameContent.UI.States.UIWorldCreation::SetDefaultOptions() added by CalamityMod
[15:35:23.911] [.NET ThreadPool Worker/DEBUG] [tML]: ILHook Terraria.GameContent.UI.States.UIWorldCreation::AddWorldSizeOptions(UIElement, float, MouseEvent, string, float) added by CalamityMod
[15:35:23.917] [.NET ThreadPool Worker/DEBUG] [tML]: Hook Terraria.IO.WorldFile::ClearTempTiles() added by CalamityMod
[15:35:23.976] [.NET ThreadPool Worker/DEBUG] [tML]: Hook Terraria.WorldGen::MakeDungeon(int, int) added by CalamityMod
[15:35:24.003] [.NET ThreadPool Worker/DEBUG] [tML]: ILHook Terraria.WorldGen::DungeonHalls(int, int, ushort, int, bool) added by CalamityMod
[15:35:24.065] [.NET ThreadPool Worker/DEBUG] [tML]: ILHook Terraria.WorldGen::MakeDungeon(int, int) added by CalamityMod
[15:35:24.189] [.NET ThreadPool Worker/DEBUG] [tML]: ILHook Terraria.Player::UpdateBuffs(int) added by CalamityMod
[15:35:24.191] [.NET ThreadPool Worker/DEBUG] [tML]: ILHook Terraria.GameContent.Events.Sandstorm::HasSufficientWind() added by CalamityMod
[15:35:24.199] [.NET ThreadPool Worker/DEBUG] [tML]: ILHook Terraria.Item::TryGetPrefixStatMultipliersForItem(int, out float, out float, out float, out float, out float, out float, out int) added by CalamityMod
[15:35:24.208] [.NET ThreadPool Worker/DEBUG] [tML]: Hook Terraria.NPC::SlimeRainSpawns(int) added by CalamityMod
[15:35:24.212] [.NET ThreadPool Worker/DEBUG] [tML]: Hook Terraria.GameContent.ShimmerTransforms::IsItemTransformLocked(int) added by CalamityMod
[15:35:24.218] [.NET ThreadPool Worker/DEBUG] [tML]: ILHook Terraria.Projectile::CanExplodeTile(int, int) added by CalamityMod
[15:35:24.224] [.NET ThreadPool Worker/DEBUG] [tML]: ILHook Terraria.Main::UpdateWindyDayState() added by CalamityMod
[15:35:24.239] [.NET ThreadPool Worker/DEBUG] [tML]: ILHook Terraria.Main::UpdateTime_StartNight(ref bool) added by CalamityMod
[15:35:24.245] [.NET ThreadPool Worker/DEBUG] [tML]: ILHook Terraria.WorldGen::AttemptFossilShattering(int, int, Tile, bool) added by CalamityMod
[15:35:24.274] [.NET ThreadPool Worker/DEBUG] [tML]: Hook Terraria.Player::GetPickaxeDamage(int, int, int, int, Tile) added by CalamityMod
[15:35:24.288] [.NET ThreadPool Worker/DEBUG] [tML]: Hook Terraria.Player::GetAnglerReward(NPC, int) added by CalamityMod
[15:35:24.309] [.NET ThreadPool Worker/DEBUG] [tML]: ILHook Terraria.NPC::NPCLoot() added by CalamityMod
[15:35:24.856] [.NET ThreadPool Worker/INFO] [tML]: Cargando mod: CalamityModEsp (Calamity mod Traducción Español/Calamity Mod spanish translation) v1.11.0.0
[15:35:25.098] [.NET ThreadPool Worker/INFO] [tML]: Cargando mod: CalamityModMusic (Calamity Mod Music) v2.0.3.7
[15:35:25.296] [.NET ThreadPool Worker/INFO] [tML]: Cargando mod: CalamityOverhaul (Calamity Overhaul) v0.342
[15:35:27.409] [.NET ThreadPool Worker/DEBUG] [tML]: Hook CalamityMod.Graphics.Renderers.CalamityRenderers.HolyInfernoRenderer::DrawToTarget(SpriteBatch) added by CalamityOverhaul
[15:35:27.416] [.NET ThreadPool Worker/DEBUG] [tML]: Hook Terraria.Graphics.Effects.FilterManager::EndCapture(RenderTarget2D, RenderTarget2D, RenderTarget2D, Color) added by CalamityOverhaul
[15:35:27.432] [.NET ThreadPool Worker/WARN] [tML]: CalamityOverhaul.Content.Items.Melee.Extras.StormGoddessSpear has reference fields (<Legend>k__BackingField) that may not be safe to share between clones.
For deep-cloning, add a custom Clone override and make proper copies of these fields. If shallow (memberwise) cloning is acceptable, mark the fields with [CloneByReference] or properties with [field: CloneByReference]
[15:35:27.435] [.NET ThreadPool Worker/WARN] [tML]: CalamityOverhaul.Content.Items.Ranged.Extras.HeavenfallLongbow has reference fields (<Legend>k__BackingField) that may not be safe to share between clones.
For deep-cloning, add a custom Clone override and make proper copies of these fields. If shallow (memberwise) cloning is acceptable, mark the fields with [CloneByReference] or properties with [field: CloneByReference]
[15:35:27.436] [.NET ThreadPool Worker/WARN] [tML]: CalamityOverhaul.Content.Items.Rogue.Extras.Gangarus has reference fields (<Legend>k__BackingField) that may not be safe to share between clones.
For deep-cloning, add a custom Clone override and make proper copies of these fields. If shallow (memberwise) cloning is acceptable, mark the fields with [CloneByReference] or properties with [field: CloneByReference]
[15:35:27.438] [.NET ThreadPool Worker/WARN] [tML]: CalamityOverhaul.Content.Items.Tools.DarkMatterBall has reference fields (dorpTypes, dorpItems) that may not be safe to share between clones.
For deep-cloning, add a custom Clone override and make proper copies of these fields. If shallow (memberwise) cloning is acceptable, mark the fields with [CloneByReference] or properties with [field: CloneByReference]
[15:35:27.443] [.NET ThreadPool Worker/DEBUG] [tML]: Hook Terraria.ModLoader.NPCLoader::OnHitByProjectile(NPC, Projectile, ref HitInfo, int) added by CalamityOverhaul
[15:35:27.447] [.NET ThreadPool Worker/DEBUG] [tML]: Hook Terraria.ModLoader.NPCLoader::ModifyIncomingHit(NPC, ref HitModifiers) added by CalamityOverhaul
[15:35:27.461] [.NET ThreadPool Worker/DEBUG] [tML]: Hook Terraria.ModLoader.ItemLoader::Shoot(Item, Player, EntitySource_ItemUse_WithAmmo, Vector2, Vector2, int, int, float, bool) added by CalamityOverhaul
[15:35:27.467] [.NET ThreadPool Worker/DEBUG] [tML]: Hook Terraria.ModLoader.ItemLoader::OnHitNPC(Item, Player, NPC, ref HitInfo, int) added by CalamityOverhaul
[15:35:27.473] [.NET ThreadPool Worker/DEBUG] [tML]: Hook Terraria.ModLoader.ItemLoader::OnHitPvp(Item, Player, Player, HurtInfo) added by CalamityOverhaul
[15:35:27.478] [.NET ThreadPool Worker/DEBUG] [tML]: Hook Terraria.ModLoader.ItemLoader::ModifyHitNPC(Item, Player, NPC, ref HitModifiers) added by CalamityOverhaul
[15:35:27.483] [.NET ThreadPool Worker/DEBUG] [tML]: Hook Terraria.ModLoader.ItemLoader::CanUseItem(Item, Player) added by CalamityOverhaul
[15:35:27.491] [.NET ThreadPool Worker/DEBUG] [tML]: Hook Terraria.ModLoader.ItemLoader::PreDrawInInventory(Item, SpriteBatch, Vector2, Rectangle, Color, Color, Vector2, float) added by CalamityOverhaul
[15:35:27.602] [.NET ThreadPool Worker/DEBUG] [tML]: Hook Terraria.Main::DrawInfernoRings() added by CalamityOverhaul
[15:35:27.709] [.NET ThreadPool Worker/INFO] [tML]: Cargando mod: ClickerClass (The Clicker Class) v1.4.1
[15:35:28.905] [.NET ThreadPool Worker/DEBUG] [tML]: Hook Terraria.Item::NewItem(IEntitySource, int, int, int, int, int, int, bool, int, bool, bool) added by ClickerClass
[15:35:28.976] [.NET ThreadPool Worker/DEBUG] [tML]: Hook Terraria.Item::NewItem_Inner(IEntitySource, int, int, int, int, Item, int, int, bool, int, bool, bool) added by ClickerClass
[15:35:29.005] [.NET ThreadPool Worker/DEBUG] [tML]: Hook Terraria.Item::CanShimmer() added by ClickerClass
[15:35:29.066] [.NET ThreadPool Worker/DEBUG] [tML]: Hook Terraria.Main::DrawInterface_36_Cursor() added by ClickerClass
[15:35:29.125] [.NET ThreadPool Worker/DEBUG] [tML]: Hook Terraria.Main::DrawInfernoRings() added by ClickerClass
[15:35:29.310] [.NET ThreadPool Worker/INFO] [tML]: Cargando mod: Fargowiltas (Fargo's Mutant Mod) v3.3
[15:35:30.234] [.NET ThreadPool Worker/DEBUG] [tML]: Hook Terraria.Player::DoCommonDashHandle(out int, out bool, DashStartAction) added by Fargowiltas
[15:35:30.236] [.NET ThreadPool Worker/DEBUG] [tML]: Hook Terraria.Player::KeyDoubleTap(int) added by Fargowiltas
[15:35:30.239] [.NET ThreadPool Worker/DEBUG] [tML]: Hook Terraria.Player::KeyHoldDown(int, int) added by Fargowiltas
[15:35:30.245] [.NET ThreadPool Worker/DEBUG] [tML]: Hook Terraria.Recipe::FindRecipes(bool) added by Fargowiltas
[15:35:30.249] [.NET ThreadPool Worker/DEBUG] [tML]: Hook Terraria.WorldGen::CountTileTypesInArea(Int32[], int, int, int, int) added by Fargowiltas
[15:35:30.253] [.NET ThreadPool Worker/DEBUG] [tML]: Hook Terraria.SceneMetrics::ExportTileCountsToMain() added by Fargowiltas
[15:35:30.258] [.NET ThreadPool Worker/DEBUG] [tML]: Hook Terraria.Player::HasUnityPotion() added by Fargowiltas
[15:35:30.269] [.NET ThreadPool Worker/DEBUG] [tML]: Hook Terraria.Player::TakeUnityPotion() added by Fargowiltas
[15:35:30.359] [.NET ThreadPool Worker/INFO] [tML]: Cargando mod: MBStats (Multiplayer Boss-Fight Stats) v0.4.7
[15:35:30.474] [.NET ThreadPool Worker/INFO] [tML]: Cargando mod: NoMoreTombs (No More Tombs) v2.0
[15:35:30.495] [.NET ThreadPool Worker/DEBUG] [tML]: Hook Terraria.Player::DropTombstone(long, NetworkText, int) added by NoMoreTombs
[15:35:30.516] [.NET ThreadPool Worker/DEBUG] [tML]: ILHook Terraria.Player::KillMe(PlayerDeathReason, double, int, bool) added by NoMoreTombs
[15:35:30.532] [.NET ThreadPool Worker/DEBUG] [tML]: ILHook Terraria.NPC::checkDead() added by NoMoreTombs
[15:35:30.625] [.NET ThreadPool Worker/INFO] [tML]: Cargando mod: OreExcavator (Ore Excavator (1.4.3/1.4.4 Veinminer)) v0.8.7
[15:35:30.887] [.NET ThreadPool Worker/INFO] [OreExcavator]: Loading [Ore Excavator (1.4.3/1.4.4 Veinminer)] - v0.8.7... (RELEASE)
[15:35:30.897] [.NET ThreadPool Worker/DEBUG] [tML]: Hook Terraria.WorldGen::SpawnFallingBlockProjectile(int, int, Tile, Tile, Tile, int) added by OreExcavator
[15:35:31.030] [.NET ThreadPool Worker/INFO] [tML]: Cargando mod: ThoriumMod (Thorium Mod) v1.7.1.5
[15:35:43.355] [.NET ThreadPool Worker/DEBUG] [tML]: Hook Terraria.ID.ContentSamples+BestiaryHelper::GetSortedBestiaryEntriesList(BestiaryDatabase) added by ThoriumMod
[15:35:43.648] [.NET ThreadPool Worker/DEBUG] [tML]: Hook Terraria.Player::IsAmmoFreeThisShot(Item, Item, int) added by ThoriumMod
[15:35:44.104] [.NET ThreadPool Worker/DEBUG] [tML]: Hook Terraria.DataStructures.PlayerDrawSet::BoringSetup_2(Player, List`1, List`1, List`1, Vector2, float, float, Vector2) added by ThoriumMod
[15:35:44.229] [.NET ThreadPool Worker/DEBUG] [tML]: Hook Terraria.Player::PickTile(int, int, int) added by ThoriumMod
[15:35:44.237] [.NET ThreadPool Worker/DEBUG] [tML]: Hook Terraria.HitTile::AddDamage(int, int, bool) added by ThoriumMod
[15:35:44.660] [.NET ThreadPool Worker/DEBUG] [tML]: Hook Terraria.Item::CanFillEmptyAmmoSlot() added by ThoriumMod
[15:35:44.920] [.NET ThreadPool Worker/DEBUG] [tML]: Hook Terraria.NPC::DoDeathEvents(Player) added by ThoriumMod
[15:35:44.925] [.NET ThreadPool Worker/DEBUG] [tML]: Hook Terraria.NPC::DespawnEncouragement_AIStyle3_Fighters_NotDiscouraged(int, Vector2, NPC) added by ThoriumMod
[15:35:44.939] [.NET ThreadPool Worker/DEBUG] [tML]: Hook Terraria.Graphics.Renderers.LegacyPlayerRenderer::DrawPlayerInternal(Camera, Player, Vector2, float, Vector2, float, float, float, bool) added by ThoriumMod
[15:35:44.970] [.NET ThreadPool Worker/DEBUG] [tML]: Hook Terraria.Projectile::Shimmer() added by ThoriumMod
[15:35:45.025] [.NET ThreadPool Worker/DEBUG] [tML]: Hook Terraria.Player::GrappleMovement() added by ThoriumMod
[15:35:45.029] [.NET ThreadPool Worker/DEBUG] [tML]: Hook Terraria.ModLoader.ExtraJumpLoader::RefreshJumps(Player) added by ThoriumMod
[15:35:45.033] [.NET ThreadPool Worker/DEBUG] [tML]: Hook Terraria.IO.WorldFile::ClearTempTiles() added by ThoriumMod
[15:35:45.039] [.NET ThreadPool Worker/DEBUG] [tML]: Hook Terraria.Main::shine(Color, int) added by ThoriumMod
[15:35:45.044] [.NET ThreadPool Worker/DEBUG] [tML]: Hook Terraria.Main::shine(ref Vector3, int) added by ThoriumMod
[15:35:45.050] [.NET ThreadPool Worker/DEBUG] [tML]: Hook Terraria.WorldGen::KillTile_ShouldDropSeeds(int, int) added by ThoriumMod
[15:35:45.087] [.NET ThreadPool Worker/DEBUG] [tML]: Hook Terraria.Main::Update(GameTime) added by ThoriumMod
[15:35:45.091] [.NET ThreadPool Worker/DEBUG] [tML]: Hook Terraria.IO.WorldFile::ClearTempTiles() added by ThoriumMod
[15:35:45.103] [.NET ThreadPool Worker/DEBUG] [tML]: Hook Terraria.WorldGen::SetupStatueList() added by ThoriumMod
[15:35:45.124] [.NET ThreadPool Worker/DEBUG] [tML]: Hook Terraria.GameContent.ItemDropRules.ItemDropResolver::TryDropping(DropAttemptInfo) added by ThoriumMod
[15:35:45.130] [.NET ThreadPool Worker/DEBUG] [tML]: Hook Terraria.Player::RollLuck(int) added by ThoriumMod
[15:35:45.135] [.NET ThreadPool Worker/DEBUG] [tML]: Hook Terraria.GameContent.UI.Elements.UICharacter::PreparePetProjectiles() added by ThoriumMod
[15:35:45.163] [.NET ThreadPool Worker/DEBUG] [tML]: Hook Terraria.Player::FreeUpPetsAndMinions(Item) added by ThoriumMod
[15:35:45.168] [.NET ThreadPool Worker/DEBUG] [tML]: Hook Terraria.Player::ItemCheck_StartActualUse(Item) added by ThoriumMod
[15:35:45.290] [.NET ThreadPool Worker/DEBUG] [tML]: Hook Terraria.Player::ApplyDamageToNPC(NPC, int, float, int, bool, DamageClass, bool) added by ThoriumMod
[15:35:45.719] [.NET ThreadPool Worker/INFO] [tML]: Cargando mod: RagnarokMod (RagnarokMod) v1.2
[15:35:45.880] [.NET ThreadPool Worker/INFO] [tML]: Cargando mod: RecipeBrowser (Recipe Browser) v0.10.3.1
[15:35:46.266] [.NET ThreadPool Worker/DEBUG] [tML]: Hook Terraria.Recipe::FindRecipes(bool) added by RecipeBrowser
[15:35:46.279] [.NET ThreadPool Worker/DEBUG] [tML]: Hook Terraria.Player::AdjTiles() added by RecipeBrowser
[15:35:46.391] [.NET ThreadPool Worker/INFO] [tML]: Cargando mod: SerousCommonLib (absoluteAquarian Utilities) v1.0.5.1
[15:35:46.484] [.NET ThreadPool Worker/DEBUG] [tML]: Hook Terraria.ModLoader.TileLoader::NearbyEffects(int, int, int, bool) added by SerousCommonLib
[15:35:46.603] [.NET ThreadPool Worker/INFO] [tML]: Cargando mod: StructureHelper (Structure Helper) v2.4.0
[15:35:46.721] [.NET ThreadPool Worker/DEBUG] [tML]: Hook Terraria.Main::DrawInterface(GameTime) added by StructureHelper
[15:35:46.723] [.NET ThreadPool Worker/DEBUG] [tML]: Hook Terraria.Main::DrawPlayers_AfterProjectiles() added by StructureHelper
[15:35:46.729] [.NET ThreadPool Worker/DEBUG] [tML]: Hook Terraria.WorldGen::SlopeTile(int, int, int, bool) added by StructureHelper
[15:35:46.732] [.NET ThreadPool Worker/DEBUG] [tML]: Hook Terraria.Main::CheckMonoliths() added by StructureHelper
[15:35:46.832] [.NET ThreadPool Worker/INFO] [tML]: Cargando mod: SubworldLibrary (Subworld Library) v2.2.2.1
[15:35:46.967] [.NET ThreadPool Worker/DEBUG] [tML]: ILHook Terraria.Main::DoDraw(GameTime) added by SubworldLibrary
[15:35:47.069] [.NET ThreadPool Worker/DEBUG] [tML]: ILHook Terraria.Main::DrawBackground() added by SubworldLibrary
[15:35:47.152] [.NET ThreadPool Worker/DEBUG] [tML]: ILHook Terraria.Main::OldDrawBackground() added by SubworldLibrary
[15:35:47.177] [.NET ThreadPool Worker/DEBUG] [tML]: ILHook Terraria.Main::UpdateAudio() added by SubworldLibrary
[15:35:47.286] [.NET ThreadPool Worker/DEBUG] [tML]: ILHook Terraria.IngameOptions::Draw(Main, SpriteBatch) added by SubworldLibrary
[15:35:47.289] [.NET ThreadPool Worker/DEBUG] [tML]: ILHook Terraria.Graphics.Light.TileLightScanner::GetTileLight(int, int, out Vector3) added by SubworldLibrary
[15:35:47.357] [.NET ThreadPool Worker/DEBUG] [tML]: ILHook Terraria.Player::UpdateBiomes() added by SubworldLibrary
[15:35:47.360] [.NET ThreadPool Worker/DEBUG] [tML]: ILHook Terraria.Main::DrawUnderworldBackground(bool) added by SubworldLibrary
[15:35:47.369] [.NET ThreadPool Worker/DEBUG] [tML]: ILHook Terraria.Netplay::AddCurrentServerToRecentList() added by SubworldLibrary
[15:35:47.376] [.NET ThreadPool Worker/DEBUG] [tML]: ILHook Terraria.Main::EraseWorld(int) added by SubworldLibrary
[15:35:47.409] [.NET ThreadPool Worker/DEBUG] [tML]: ILHook Terraria.Main::DoUpdateInWorld(Stopwatch) added by SubworldLibrary
[15:35:47.412] [.NET ThreadPool Worker/DEBUG] [tML]: ILHook Terraria.WorldGen::UpdateWorld() added by SubworldLibrary
[15:35:47.608] [.NET ThreadPool Worker/DEBUG] [tML]: ILHook Terraria.Player::Update(int) added by SubworldLibrary
[15:35:47.613] [.NET ThreadPool Worker/DEBUG] [tML]: ILHook Terraria.NPC::UpdateNPC_UpdateGravity() added by SubworldLibrary
[15:35:47.691] [.NET ThreadPool Worker/DEBUG] [tML]: ILHook Terraria.Liquid::Update() added by SubworldLibrary
[15:35:47.719] [.NET ThreadPool Worker/DEBUG] [tML]: ILHook Terraria.Player::SavePlayer(PlayerFileData, bool) added by SubworldLibrary
[15:35:47.727] [.NET ThreadPool Worker/DEBUG] [tML]: ILHook Terraria.IO.WorldFile::SaveWorld(bool, bool) added by SubworldLibrary
[15:35:47.857] [.NET ThreadPool Worker/INFO] [tML]: Cargando mod: UnCalamityModMusic (Vanilla Calamity Mod Music) v1.11.1
[15:35:48.407] [.NET ThreadPool Worker/INFO] [tML]: Cargando mod: WeaponDisplayLite (ArmamentDisplayLite) v1.45
[15:35:48.573] [.NET ThreadPool Worker/INFO] [tML]: Cargando mod: WingSlotExtra (Wing Slot Extra) v1.4.4
[15:35:48.775] [.NET ThreadPool Worker/INFO] [tML]: Redimensionando...
[15:35:53.538] [.NET ThreadPool Worker/INFO] [tML]: Configurando contenido: ModLoader (tModLoader) v2023.12.3.1
[15:35:53.704] [.NET ThreadPool Worker/INFO] [tML]: Configurando contenido: BDFXmod (Block's Death FX) v1.4.3.3
[15:35:53.853] [.NET ThreadPool Worker/INFO] [tML]: Configurando contenido: BossChecklist (Boss Checklist) v2.1.3
[15:35:54.011] [.NET ThreadPool Worker/INFO] [tML]: Configurando contenido: BossCursor (Boss Cursor) v3.0.0
[15:35:54.153] [.NET ThreadPool Worker/INFO] [tML]: Configurando contenido: CalamityMod (Calamity Mod) v2.0.3.9
[15:35:58.697] [.NET ThreadPool Worker/INFO] [tML]: Configurando contenido: CalamityModEsp (Calamity mod Traducción Español/Calamity Mod spanish translation) v1.11.0.0
[15:35:58.890] [.NET ThreadPool Worker/INFO] [tML]: Configurando contenido: CalamityModMusic (Calamity Mod Music) v2.0.3.7
[15:35:59.388] [.NET ThreadPool Worker/INFO] [tML]: Configurando contenido: CalamityOverhaul (Calamity Overhaul) v0.342
[15:35:59.622] [.NET ThreadPool Worker/INFO] [tML]: Configurando contenido: ClickerClass (The Clicker Class) v1.4.1
[15:36:00.073] [.NET ThreadPool Worker/INFO] [tML]: Configurando contenido: Fargowiltas (Fargo's Mutant Mod) v3.3
[15:36:00.302] [.NET ThreadPool Worker/INFO] [tML]: Configurando contenido: MBStats (Multiplayer Boss-Fight Stats) v0.4.7
[15:36:00.503] [.NET ThreadPool Worker/INFO] [tML]: Configurando contenido: NoMoreTombs (No More Tombs) v2.0
[15:36:00.795] [.NET ThreadPool Worker/INFO] [tML]: Configurando contenido: OreExcavator (Ore Excavator (1.4.3/1.4.4 Veinminer)) v0.8.7
[15:36:01.082] [.NET ThreadPool Worker/INFO] [tML]: Configurando contenido: ThoriumMod (Thorium Mod) v1.7.1.5
[15:36:03.396] [.NET ThreadPool Worker/INFO] [tML]: Configurando contenido: RagnarokMod (RagnarokMod) v1.2
[15:36:03.586] [.NET ThreadPool Worker/INFO] [tML]: Configurando contenido: RecipeBrowser (Recipe Browser) v0.10.3.1
[15:36:03.854] [.NET ThreadPool Worker/INFO] [tML]: Configurando contenido: SerousCommonLib (absoluteAquarian Utilities) v1.0.5.1
[15:36:04.182] [.NET ThreadPool Worker/INFO] [tML]: Configurando contenido: StructureHelper (Structure Helper) v2.4.0
[15:36:04.355] [.NET ThreadPool Worker/INFO] [tML]: Configurando contenido: SubworldLibrary (Subworld Library) v2.2.2.1
[15:36:04.676] [.NET ThreadPool Worker/INFO] [tML]: Configurando contenido: UnCalamityModMusic (Vanilla Calamity Mod Music) v1.11.1
[15:36:04.997] [.NET ThreadPool Worker/INFO] [tML]: Configurando contenido: WeaponDisplayLite (ArmamentDisplayLite) v1.45
[15:36:05.203] [.NET ThreadPool Worker/INFO] [tML]: Configurando contenido: WingSlotExtra (Wing Slot Extra) v1.4.4
[15:36:06.462] [.NET ThreadPool Worker/INFO] [tML]: Completando contenido: ModLoader (tModLoader) v2023.12.3.1
[15:36:06.649] [.NET ThreadPool Worker/INFO] [tML]: Completando contenido: BDFXmod (Block's Death FX) v1.4.3.3
[15:36:06.995] [.NET ThreadPool Worker/INFO] [tML]: Completando contenido: BossChecklist (Boss Checklist) v2.1.3
[15:36:07.341] [.NET ThreadPool Worker/INFO] [tML]: Completando contenido: BossCursor (Boss Cursor) v3.0.0
[15:36:07.520] [.NET ThreadPool Worker/INFO] [tML]: Completando contenido: CalamityMod (Calamity Mod) v2.0.3.9
[15:36:07.927] [.NET ThreadPool Worker/INFO] [tML]: Completando contenido: CalamityModEsp (Calamity mod Traducción Español/Calamity Mod spanish translation) v1.11.0.0
[15:36:08.144] [.NET ThreadPool Worker/INFO] [tML]: Completando contenido: CalamityModMusic (Calamity Mod Music) v2.0.3.7
[15:36:08.492] [.NET ThreadPool Worker/INFO] [tML]: Completando contenido: CalamityOverhaul (Calamity Overhaul) v0.342
[15:36:08.716] [.NET ThreadPool Worker/INFO] [tML]: Completando contenido: ClickerClass (The Clicker Class) v1.4.1
[15:36:08.916] [.NET ThreadPool Worker/INFO] [tML]: Completando contenido: Fargowiltas (Fargo's Mutant Mod) v3.3
[15:36:09.291] [.NET ThreadPool Worker/INFO] [tML]: Completando contenido: MBStats (Multiplayer Boss-Fight Stats) v0.4.7
[15:36:09.645] [.NET ThreadPool Worker/INFO] [tML]: Completando contenido: NoMoreTombs (No More Tombs) v2.0
[15:36:09.827] [.NET ThreadPool Worker/INFO] [tML]: Completando contenido: OreExcavator (Ore Excavator (1.4.3/1.4.4 Veinminer)) v0.8.7
[15:36:09.827] [.NET ThreadPool Worker/INFO] [OreExcavator]: Auto-whitelist runner started. Looking for modded ores and gems to whitelist...
[15:36:09.829] [.NET ThreadPool Worker/INFO] [OreExcavator]: Running through tML Ore Tile Set...
[15:36:09.830] [.NET ThreadPool Worker/INFO] [OreExcavator]: Ore Set Search completed.
[15:36:09.831] [.NET ThreadPool Worker/INFO] [OreExcavator]: Beginning manaual ore search...
[15:36:09.833] [.NET ThreadPool Worker/INFO] [OreExcavator]: Found CalamityMod - But we're already up-to-date with them! v(2.0.3.9) 
[15:36:09.835] [.NET ThreadPool Worker/INFO] [OreExcavator]: Found ThoriumMod - But we're already up-to-date with them! v(1.7.1.5) 
[15:36:09.836] [.NET ThreadPool Worker/INFO] [OreExcavator]: Auto-whitelist runner concluded. Finishing up...
[15:36:10.164] [.NET ThreadPool Worker/INFO] [tML]: Completando contenido: ThoriumMod (Thorium Mod) v1.7.1.5
[15:36:10.615] [.NET ThreadPool Worker/INFO] [tML]: Completando contenido: RagnarokMod (RagnarokMod) v1.2
[15:36:10.795] [.NET ThreadPool Worker/INFO] [tML]: Completando contenido: RecipeBrowser (Recipe Browser) v0.10.3.1
[15:36:11.240] [.NET ThreadPool Worker/INFO] [tML]: Completando contenido: SerousCommonLib (absoluteAquarian Utilities) v1.0.5.1
[15:36:11.577] [.NET ThreadPool Worker/INFO] [tML]: Completando contenido: StructureHelper (Structure Helper) v2.4.0
[15:36:11.801] [.NET ThreadPool Worker/INFO] [tML]: Completando contenido: SubworldLibrary (Subworld Library) v2.2.2.1
[15:36:12.461] [.NET ThreadPool Worker/INFO] [tML]: Completando contenido: UnCalamityModMusic (Vanilla Calamity Mod Music) v1.11.1
[15:36:12.843] [.NET ThreadPool Worker/INFO] [tML]: Completando contenido: WeaponDisplayLite (ArmamentDisplayLite) v1.45
[15:36:13.070] [.NET ThreadPool Worker/INFO] [tML]: Completando contenido: WingSlotExtra (Wing Slot Extra) v1.4.4
[15:36:13.475] [.NET ThreadPool Worker/INFO] [tML]: RAM: tModLoader usage: 1,2 GB, All processes usage: 8,1 GB, Available: -663,8 MB, Total Installed: 7,5 GB
[15:36:14.390] [.NET ThreadPool Worker/DEBUG] [tML]: GlobalItem registration stats. Count: 23, Slots per Entity: 5
	Instanced: 5, Conditional with slot: 1, Conditional by type: 5, Applies to single type: 1
	List Permutations: 30, Est Memory Consumption: 2296 bytes
[15:36:14.751] [.NET ThreadPool Worker/DEBUG] [tML]: GlobalNPC registration stats. Count: 19, Slots per Entity: 10
	Instanced: 10, Conditional with slot: 1, Conditional by type: 0, Applies to single type: 0
	List Permutations: 4, Est Memory Consumption: 312 bytes
[15:36:14.900] [.NET ThreadPool Worker/DEBUG] [tML]: GlobalProjectile registration stats. Count: 11, Slots per Entity: 6
	Instanced: 6, Conditional with slot: 1, Conditional by type: 2, Applies to single type: 1
	List Permutations: 13, Est Memory Consumption: 760 bytes
[15:36:15.933] [.NET ThreadPool Worker/INFO] [tML]: Añadiendo recetas...
[15:36:16.078] [.NET ThreadPool Worker/INFO] [BossChecklist]: The Boss Log Mod Call has been last updated on BossChecklist (v2.0.0). Check out the GitHub Wiki guide to stay updated on the latest changes! Updated Mod.Call documentation for BossChecklist can be found here: https://github.com/JavidPack/BossChecklist/wiki/[1.4.4]-Boss-Log-Entry-Mod-Call
[15:36:16.079] [.NET ThreadPool Worker/INFO] [BossChecklist]: Progression values for vanilla entries have been last updated on BossChecklist (v1.4.0)
[15:36:16.080] [.NET ThreadPool Worker/INFO] [BossChecklist]: NoLogging
[15:36:16.634] [.NET ThreadPool Worker/INFO] [ThoriumMod]: CALL SUCCESS: Successfully added content from the following mods to the "AddMartianItemID" cache:
[15:36:16.635] [.NET ThreadPool Worker/INFO] [ThoriumMod]:   The Clicker Class: "HighTechClicker"
[15:36:17.277] [Main Thread/WARN] [tML]: Excepción silenciosa: 
System.Collections.Generic.KeyNotFoundException: The given key 'UnCalamityModMusic/Content/Menus/Blank' was not present in the dictionary.
   at System.Collections.Generic.Dictionary`2.get_Item(TKey key)
   at Terraria.ModLoader.SurfaceBackgroundStylesLoader.DrawFarTexture() in tModLoader\Terraria\ModLoader\BackgroundLoaders.cs:line 215
   at Terraria.Main.DrawSurfaceBG_BackMountainsStep1(Double backgroundTopMagicNumber, Single bgGlobalScaleMultiplier, Int32 pushBGTopHack) in tModLoader\Terraria\Main.cs:line 51464
   at Terraria.Main.DrawSurfaceBG() in tModLoader\Terraria\Main.cs:line 51109
   at Terraria.Main.DrawBG() in tModLoader\Terraria\Main.cs:line 55136
   at DMD<System.Void Terraria.Main:DoDraw(Microsoft.Xna.Framework.GameTime)>(Main this, GameTime gameTime)
   at SyncProxy<System.Void Terraria.Main:DoDraw(Microsoft.Xna.Framework.GameTime)>(Main , GameTime )
   at Terraria.Main.Draw_Inner(GameTime gameTime) in tModLoader\Terraria\Main.cs:line 52843
   at Terraria.Main.Draw(GameTime gameTime) in tModLoader\Terraria\Main.cs:line 52830
   at Microsoft.Xna.Framework.Game.Tick() in D:\a\tModLoader\tModLoader\FNA\src\Game.cs:line 562
   at Microsoft.Xna.Framework.Game.RunLoop() in D:\a\tModLoader\tModLoader\FNA\src\Game.cs:line 878
   at Microsoft.Xna.Framework.Game.Run() in D:\a\tModLoader\tModLoader\FNA\src\Game.cs:line 419
   at Terraria.Program.RunGame() in tModLoader\Terraria\Program.cs:line 266
   at Terraria.Program.LaunchGame_(Boolean isServer) in tModLoader\Terraria\Program.cs:line 240
   at Terraria.Program.LaunchGame(String[] args, Boolean monoArgs) in tModLoader\Terraria\Program.cs:line 213
   at Terraria.MonoLaunch.Main_End(String[] args) in tModLoader\Terraria\MonoLaunch.cs:line 78
   at Terraria.MonoLaunch.<>c__DisplayClass1_0.<Main>b__1() in tModLoader\Terraria\MonoLaunch.cs:line 64
   at System.Threading.Thread.StartCallback()

[15:36:17.328] [Main Thread/DEBUG] [tML]: Web Request: https://api.steampowered.com/ISteamNews/GetNewsForApp/v2/?appid=1281930&count=1
[15:36:29.366] [Main Thread/WARN] [tML]: Excepción silenciosa: 
System.Collections.Generic.KeyNotFoundException: The given key 'UnCalamityModMusic/Content/Menus/Blank' was not present in the dictionary.
   at System.Collections.Generic.Dictionary`2.get_Item(TKey key)
   at Terraria.ModLoader.SurfaceBackgroundStylesLoader.DrawFarTexture() in tModLoader\Terraria\ModLoader\BackgroundLoaders.cs:line 215
   at Terraria.Main.DrawSurfaceBG_BackMountainsStep1(Double backgroundTopMagicNumber, Single bgGlobalScaleMultiplier, Int32 pushBGTopHack) in tModLoader\Terraria\Main.cs:line 51464
   at Terraria.Main.DrawSurfaceBG() in tModLoader\Terraria\Main.cs:line 51109
   at Terraria.Main.DrawBG() in tModLoader\Terraria\Main.cs:line 55136
   at DMD<System.Void Terraria.Main:DoDraw(Microsoft.Xna.Framework.GameTime)>(Main this, GameTime gameTime)
   at SyncProxy<System.Void Terraria.Main:DoDraw(Microsoft.Xna.Framework.GameTime)>(Main , GameTime )
   at Terraria.Main.Draw_Inner(GameTime gameTime) in tModLoader\Terraria\Main.cs:line 52843
   at Terraria.Main.Draw(GameTime gameTime) in tModLoader\Terraria\Main.cs:line 52830
   at Microsoft.Xna.Framework.Game.RedrawWindow() in D:\a\tModLoader\tModLoader\FNA\src\Game.cs:line 583
   at Microsoft.Xna.Framework.SDL2_FNAPlatform.Win32OnPaint(IntPtr userdata, IntPtr evtPtr) in D:\a\tModLoader\tModLoader\FNA\src\FNAPlatform\SDL2_FNAPlatform.cs:line 2855
   at ReLogic.OS.Windows.NativeMethods.CallWindowProc(IntPtr lpPrevWndFunc, IntPtr hWnd, Int32 msg, IntPtr wParam, IntPtr lParam)
   at ReLogic.OS.Windows.NativeMethods.CallWindowProc(IntPtr lpPrevWndFunc, IntPtr hWnd, Int32 msg, IntPtr wParam, IntPtr lParam)
   at ReLogic.OS.Windows.WindowsMessageHook.WndProc(IntPtr hWnd, Int32 msg, IntPtr wParam, IntPtr lParam) in D:\a\tModLoader\tModLoader\src\tModLoader\ReLogic\OS\Windows\WindowsMessageHook.cs:line 46
   at SDL2.SDL.SDL_PollEvent(SDL_Event& _event)
   at SDL2.SDL.SDL_PollEvent(SDL_Event& _event)
   at Microsoft.Xna.Framework.SDL2_FNAPlatform.PollEvents(Game game, GraphicsAdapter& currentAdapter, Boolean[] textInputControlDown, Boolean& textInputSuppress) in D:\a\tModLoader\tModLoader\FNA\src\FNAPlatform\SDL2_FNAPlatform.cs:line 957
   at Microsoft.Xna.Framework.Game.Tick() in D:\a\tModLoader\tModLoader\FNA\src\Game.cs:line 462
   at Microsoft.Xna.Framework.Game.RunLoop() in D:\a\tModLoader\tModLoader\FNA\src\Game.cs:line 878
   at Microsoft.Xna.Framework.Game.Run() in D:\a\tModLoader\tModLoader\FNA\src\Game.cs:line 419
   at Terraria.Program.RunGame() in tModLoader\Terraria\Program.cs:line 266
   at Terraria.Program.LaunchGame_(Boolean isServer) in tModLoader\Terraria\Program.cs:line 240
   at Terraria.Program.LaunchGame(String[] args, Boolean monoArgs) in tModLoader\Terraria\Program.cs:line 213
   at Terraria.MonoLaunch.Main_End(String[] args) in tModLoader\Terraria\MonoLaunch.cs:line 78
   at Terraria.MonoLaunch.<>c__DisplayClass1_0.<Main>b__1() in tModLoader\Terraria\MonoLaunch.cs:line 64
   at System.Threading.Thread.StartCallback()

[15:36:32.035] [Main Thread/WARN] [CalamityMod]: Cooldown "PotionSickness" loaded from NBT with discrepant netID 22. This cooldown was registered with netID 26
[15:36:32.167] [Main Thread/WARN] [CalamityMod]: Cooldown "PotionSickness" loaded from NBT with discrepant netID 22. This cooldown was registered with netID 26
[15:36:32.241] [Main Thread/WARN] [CalamityMod]: Cooldown "PotionSickness" loaded from NBT with discrepant netID 22. This cooldown was registered with netID 26
[15:36:32.315] [Main Thread/WARN] [CalamityMod]: Cooldown "PotionSickness" loaded from NBT with discrepant netID 20. This cooldown was registered with netID 26
[15:36:35.381] [TCP Client Thread/INFO] [Terraria]: Connecting to 127.0.0.1:7777
[15:36:35.828] [Main Thread/INFO] [tML]: Server reports AllowVanillaClients set to False
[15:36:35.894] [Main Thread/DEBUG] [tML]: Server mods: BDFXmod v1.4.3.3[492b2db5], BossChecklist v2.1.3[217301d7], CalamityMod v2.0.3.9[b143f41e], CalamityModEsp v1.11.0.0[7cb55f54], CalamityModMusic v2.0.3.7[1c4d600c], CalamityOverhaul v0.342[492801b3], ClickerClass v1.4.1[91e52bf9], Fargowiltas v3.3[53aeef3c], MBStats v0.4.7[15d089d3], NoMoreTombs v2.0[0e12501d], OreExcavator v0.8.7[bc49cf82], ThoriumMod v1.7.1.5[cdac60d1], RagnarokMod v1.2[bf2f3644], RecipeBrowser v0.10.3.1[b4cfb745], SerousCommonLib v1.0.5.1[b8310598], StructureHelper v2.4.0[ab4ddf73], SubworldLibrary v2.2.2.1[cae787d9], UnCalamityModMusic v1.11.1[5f8c6d16], WingSlotExtra v1.4.4[5577e07d]
[15:36:35.895] [Main Thread/DEBUG] [tML]: Download queue: 
[15:36:35.895] [Main Thread/DEBUG] [tML]: Configs:
		CalamityOverhaul:ContentConfig {"MurasamaScaleOffset":1.0,"MurasamaRisingDragonCoolDownBarSize":1.0}
		Fargowiltas:FargoServerConfig {}
		MBStats:MBStatsConfigServer {}
		NoMoreTombs:Configuration {}
		OreExcavator:OreExcavatorConfig_Server {"manaConsumption":0.0,"oreMultiplier":1.0}
		ThoriumMod:ThoriumConfigServer {"donatorAccessories":{},"donatorVanities":{},"donatorWeapons":{},"donatorOther":{}}
[15:36:36.103] [TCP Client Thread/INFO] [StatusText]: Cargando datos de mapa
[15:36:36.205] [TCP Client Thread/INFO] [StatusText]: Trazando mapa
[15:36:36.262] [TCP Client Thread/INFO] [StatusText]: Recibiendo datos de casillas
[15:36:36.446] [Main Thread/INFO] [Terraria]: Entering world with player: Mr cucker, IsCloud=False, Width: 8400, Height: 2400, Evil: 1, GameMode: 2
[15:36:37.443] [Main Thread/ERROR] [Fargowiltas]: --CLIENT-- HANDING MESSAGE: 0
[15:36:37.453] [Main Thread/WARN] [tML]: Excepción silenciosa: 
System.IO.IOException: Read underflow 1 of 2 bytes caused by Fargowiltas in HandlePacket
   at Terraria.ModLoader.ModNet.HandleModPacket(BinaryReader reader, Int32 whoAmI, Int32 length) in tModLoader\Terraria\ModLoader\ModNet.cs:line 503
   at Terraria.MessageBuffer.GetData(Int32 start, Int32 length, Int32& messageType) in tModLoader\Terraria\MessageBuffer.cs:line 3887
   at Terraria.NetMessage.CheckBytes(Int32 bufferIndex) in tModLoader\Terraria\NetMessage.cs:line 2384
   at Terraria.Main.DoUpdate(GameTime& gameTime) in tModLoader\Terraria\Main.cs:line 14195
   at DMD<System.Void Terraria.Main:Update(Microsoft.Xna.Framework.GameTime)>(Main this, GameTime gameTime)
   at Hook<System.Void ThoriumMod.UI.ThoriumInterfaceResources::OnResolutionChanged(Terraria.On_Main+orig_Update,Terraria.Main,Microsoft.Xna.Framework.GameTime)>(Main , GameTime )
   at SyncProxy<System.Void Terraria.Main:Update(Microsoft.Xna.Framework.GameTime)>(Main , GameTime )
   at Microsoft.Xna.Framework.Game.Tick() in D:\a\tModLoader\tModLoader\FNA\src\Game.cs:line 488
   at Microsoft.Xna.Framework.Game.RunLoop() in D:\a\tModLoader\tModLoader\FNA\src\Game.cs:line 878
   at Microsoft.Xna.Framework.Game.Run() in D:\a\tModLoader\tModLoader\FNA\src\Game.cs:line 419
   at Terraria.Program.RunGame() in tModLoader\Terraria\Program.cs:line 266
   at Terraria.Program.LaunchGame_(Boolean isServer) in tModLoader\Terraria\Program.cs:line 240
   at Terraria.Program.LaunchGame(String[] args, Boolean monoArgs) in tModLoader\Terraria\Program.cs:line 213
   at Terraria.MonoLaunch.Main_End(String[] args) in tModLoader\Terraria\MonoLaunch.cs:line 78
   at Terraria.MonoLaunch.<>c__DisplayClass1_0.<Main>b__1() in tModLoader\Terraria\MonoLaunch.cs:line 64
   at System.Threading.Thread.StartCallback()

[15:36:38.336] [.NET ThreadPool Worker/DEBUG] [tML]: Web Request: https://raw.githubusercontent.com/Dummiez/tModLoader-WingSlotExtra/main/build.txt
[15:36:38.408] [.NET ThreadPool Worker/DEBUG] [tML]: Web Request: https://raw.githubusercontent.com/Dummiez/tModLoader-WingSlotExtra/main/build.txt
[15:36:39.346] [.NET ThreadPool Worker/INFO] [OreExcavator]: [Ore Excavator (1.4.3/1.4.4 Veinminer)] - v0.8.7
	  We have a discord for bug reporting and feature suggestions:
	  https://discord.gg/FtrsRtPe6h

	  We've released a HUGE update with translations, fixes, and more!
	  Most major issues have been fixed, and compatibility expanded.
	  We recommend resetting OE's configs, and re-editing them as you see fit.
	  If your language is missing, come help us translate the mod on Discord!

	  Oh yeah, you can also disable this popup in your Client configs.
[15:37:32.383] [36/DEBUG] [tML]: Assembly Resolve: System.Net.Sockets, Version=6.0.0.0, Culture=neutral, PublicKeyToken=b03f5f7f11d50a3a -> System.Net.Sockets.resources, Version=6.0.0.0, Culture=es-MX, PublicKeyToken=b03f5f7f11d50a3a
[15:37:32.388] [36/DEBUG] [tML]: Assembly Resolve: System.Net.Sockets, Version=6.0.0.0, Culture=neutral, PublicKeyToken=b03f5f7f11d50a3a -> System.Net.Sockets.resources, Version=6.0.0.0, Culture=es, PublicKeyToken=b03f5f7f11d50a3a
[15:51:15.263] [TCP Client Thread/INFO] [StatusText]: Recibiendo datos de casillas
[15:51:26.969] [TCP Client Thread/INFO] [StatusText]: Recibiendo datos de casillas
[15:52:05.814] [TCP Client Thread/INFO] [StatusText]: Recibiendo datos de casillas
[15:52:14.499] [.NET ThreadPool Worker/INFO] [StatusText]: Guardando datos de mapa
[15:52:15.230] [TCP Client Thread/INFO] [Network]: Closing TcpSocket
[15:52:17.502] [Main Thread/WARN] [CalamityMod]: Cooldown "PotionSickness" loaded from NBT with discrepant netID 22. This cooldown was registered with netID 26
[15:52:17.566] [Main Thread/WARN] [CalamityMod]: Cooldown "PotionSickness" loaded from NBT with discrepant netID 22. This cooldown was registered with netID 26
[15:52:17.613] [Main Thread/WARN] [CalamityMod]: Cooldown "PotionSickness" loaded from NBT with discrepant netID 20. This cooldown was registered with netID 26
[15:52:34.030] [Main Thread/INFO] [BossChecklist]: Progression mode is disabled
[15:52:34.030] [.NET ThreadPool Worker/INFO] [Terraria]: Loading World: the hole, IsCloud=False, Width: 8400, Height: 2400, Evil: 0, GameMode: 2
[15:52:35.051] [.NET ThreadPool Worker/INFO] [StatusText]: Cargando datos del mundo
[15:52:37.549] [.NET ThreadPool Worker/INFO] [StatusText]: Distribuyendo líquidos
[15:52:39.006] [Main Thread/INFO] [Terraria]: Entering world with player: Mr cucker, IsCloud=False, Width: 8400, Height: 2400, Evil: 0, GameMode: 2
[15:52:39.604] [.NET ThreadPool Worker/DEBUG] [tML]: Web Request: https://raw.githubusercontent.com/Dummiez/tModLoader-WingSlotExtra/main/build.txt
[15:52:41.559] [.NET ThreadPool Worker/INFO] [OreExcavator]: [Ore Excavator (1.4.3/1.4.4 Veinminer)] - v0.8.7
	  We have a discord for bug reporting and feature suggestions:
	  https://discord.gg/FtrsRtPe6h

	  We've released a HUGE update with translations, fixes, and more!
	  Most major issues have been fixed, and compatibility expanded.
	  We recommend resetting OE's configs, and re-editing them as you see fit.
	  If your language is missing, come help us translate the mod on Discord!

	  Oh yeah, you can also disable this popup in your Client configs.
[15:52:44.674] [.NET ThreadPool Worker/INFO] [StatusText]: Guardando datos de mapa
[15:52:46.771] [.NET ThreadPool Worker/INFO] [StatusText]: Guardando datos del mundo
[15:52:47.501] [.NET ThreadPool Worker/INFO] [StatusText]: Validando el mundo guardado
[15:52:51.085] [Main Thread/WARN] [CalamityMod]: Cooldown "PotionSickness" loaded from NBT with discrepant netID 22. This cooldown was registered with netID 26
[15:52:51.148] [Main Thread/WARN] [CalamityMod]: Cooldown "PotionSickness" loaded from NBT with discrepant netID 22. This cooldown was registered with netID 26
[15:52:51.191] [Main Thread/WARN] [CalamityMod]: Cooldown "PotionSickness" loaded from NBT with discrepant netID 20. This cooldown was registered with netID 26
[15:53:37.322] [Main Thread/WARN] [CalamityMod]: Cooldown "PotionSickness" loaded from NBT with discrepant netID 22. This cooldown was registered with netID 26
[15:53:37.393] [Main Thread/WARN] [CalamityMod]: Cooldown "PotionSickness" loaded from NBT with discrepant netID 22. This cooldown was registered with netID 26
[15:53:37.429] [Main Thread/WARN] [CalamityMod]: Cooldown "PotionSickness" loaded from NBT with discrepant netID 20. This cooldown was registered with netID 26
[15:53:41.857] [Main Thread/INFO] [BossChecklist]: Progression mode is disabled
[15:53:41.858] [.NET ThreadPool Worker/INFO] [Terraria]: Loading World: Caelit si fuera god, IsCloud=False, Width: 8400, Height: 2400, Evil: 0, GameMode: 2
[15:53:42.473] [.NET ThreadPool Worker/INFO] [StatusText]: Cargando datos del mundo
[15:53:43.576] [.NET ThreadPool Worker/INFO] [StatusText]: Distribuyendo líquidos
[15:53:44.811] [Main Thread/INFO] [Terraria]: Entering world with player: Mr cucker, IsCloud=False, Width: 8400, Height: 2400, Evil: 0, GameMode: 2
[15:53:45.370] [.NET ThreadPool Worker/DEBUG] [tML]: Web Request: https://raw.githubusercontent.com/Dummiez/tModLoader-WingSlotExtra/main/build.txt
[15:53:47.325] [.NET ThreadPool Worker/INFO] [OreExcavator]: [Ore Excavator (1.4.3/1.4.4 Veinminer)] - v0.8.7
	  We have a discord for bug reporting and feature suggestions:
	  https://discord.gg/FtrsRtPe6h

	  We've released a HUGE update with translations, fixes, and more!
	  Most major issues have been fixed, and compatibility expanded.
	  We recommend resetting OE's configs, and re-editing them as you see fit.
	  If your language is missing, come help us translate the mod on Discord!

	  Oh yeah, you can also disable this popup in your Client configs.
[15:54:04.144] [.NET ThreadPool Worker/INFO] [StatusText]: Guardando datos de mapa
[15:54:05.790] [.NET ThreadPool Worker/INFO] [StatusText]: Guardando datos del mundo
[15:54:06.429] [.NET ThreadPool Worker/INFO] [StatusText]: Validando el mundo guardado
[15:54:10.160] [Main Thread/WARN] [CalamityMod]: Cooldown "PotionSickness" loaded from NBT with discrepant netID 22. This cooldown was registered with netID 26
[15:54:10.233] [Main Thread/WARN] [CalamityMod]: Cooldown "PotionSickness" loaded from NBT with discrepant netID 22. This cooldown was registered with netID 26
[15:54:10.265] [Main Thread/WARN] [CalamityMod]: Cooldown "PotionSickness" loaded from NBT with discrepant netID 20. This cooldown was registered with netID 26
[15:54:11.562] [Main Thread/WARN] [CalamityMod]: Cooldown "PotionSickness" loaded from NBT with discrepant netID 22. This cooldown was registered with netID 26
[15:54:11.634] [Main Thread/WARN] [CalamityMod]: Cooldown "PotionSickness" loaded from NBT with discrepant netID 22. This cooldown was registered with netID 26
[15:54:11.695] [Main Thread/WARN] [CalamityMod]: Cooldown "PotionSickness" loaded from NBT with discrepant netID 22. This cooldown was registered with netID 26
[15:54:11.733] [Main Thread/WARN] [CalamityMod]: Cooldown "PotionSickness" loaded from NBT with discrepant netID 20. This cooldown was registered with netID 26
[15:54:13.711] [TCP Client Thread/INFO] [Terraria]: Connecting to 127.0.0.1:7777
[15:54:14.026] [Main Thread/INFO] [tML]: Server reports AllowVanillaClients set to False
[15:54:14.146] [Main Thread/DEBUG] [tML]: Server mods: BDFXmod v1.4.3.3[492b2db5], BossChecklist v2.1.3[217301d7], CalamityMod v2.0.3.9[b143f41e], CalamityModEsp v1.11.0.0[7cb55f54], CalamityModMusic v2.0.3.7[1c4d600c], CalamityOverhaul v0.342[492801b3], ClickerClass v1.4.1[91e52bf9], Fargowiltas v3.3[53aeef3c], MBStats v0.4.7[15d089d3], NoMoreTombs v2.0[0e12501d], OreExcavator v0.8.7[bc49cf82], ThoriumMod v1.7.1.5[cdac60d1], RagnarokMod v1.2[bf2f3644], RecipeBrowser v0.10.3.1[b4cfb745], SerousCommonLib v1.0.5.1[b8310598], StructureHelper v2.4.0[ab4ddf73], SubworldLibrary v2.2.2.1[cae787d9], UnCalamityModMusic v1.11.1[5f8c6d16], WingSlotExtra v1.4.4[5577e07d]
[15:54:14.149] [Main Thread/DEBUG] [tML]: Download queue: 
[15:54:14.149] [Main Thread/DEBUG] [tML]: Configs:
		CalamityOverhaul:ContentConfig {"MurasamaScaleOffset":1.0,"MurasamaRisingDragonCoolDownBarSize":1.0}
		Fargowiltas:FargoServerConfig {}
		MBStats:MBStatsConfigServer {}
		NoMoreTombs:Configuration {}
		OreExcavator:OreExcavatorConfig_Server {"manaConsumption":0.0,"oreMultiplier":1.0}
		ThoriumMod:ThoriumConfigServer {"donatorAccessories":{},"donatorVanities":{},"donatorWeapons":{},"donatorOther":{}}
[15:54:14.966] [TCP Client Thread/INFO] [StatusText]: Cargando datos de mapa
[15:54:15.054] [TCP Client Thread/INFO] [StatusText]: Trazando mapa
[15:54:15.110] [TCP Client Thread/INFO] [StatusText]: Recibiendo datos de casillas
[15:54:15.223] [Main Thread/INFO] [Terraria]: Entering world with player: Mr cucker, IsCloud=False, Width: 8400, Height: 2400, Evil: 1, GameMode: 2
[15:54:15.880] [Main Thread/ERROR] [Fargowiltas]: --CLIENT-- HANDING MESSAGE: 0
[15:54:15.966] [.NET ThreadPool Worker/DEBUG] [tML]: Web Request: https://raw.githubusercontent.com/Dummiez/tModLoader-WingSlotExtra/main/build.txt
[15:54:16.871] [.NET ThreadPool Worker/DEBUG] [tML]: Web Request: https://raw.githubusercontent.com/Dummiez/tModLoader-WingSlotExtra/main/build.txt
[15:54:17.824] [.NET ThreadPool Worker/INFO] [OreExcavator]: [Ore Excavator (1.4.3/1.4.4 Veinminer)] - v0.8.7
	  We have a discord for bug reporting and feature suggestions:
	  https://discord.gg/FtrsRtPe6h

	  We've released a HUGE update with translations, fixes, and more!
	  Most major issues have been fixed, and compatibility expanded.
	  We recommend resetting OE's configs, and re-editing them as you see fit.
	  If your language is missing, come help us translate the mod on Discord!

	  Oh yeah, you can also disable this popup in your Client configs.
[15:58:28.363] [TCP Client Thread/INFO] [StatusText]: Recibiendo datos de casillas
[15:58:37.045] [TCP Client Thread/INFO] [StatusText]: Recibiendo datos de casillas
[15:58:45.428] [TCP Client Thread/INFO] [StatusText]: Recibiendo datos de casillas
[15:58:54.645] [TCP Client Thread/INFO] [StatusText]: Recibiendo datos de casillas
[15:59:03.978] [TCP Client Thread/INFO] [StatusText]: Recibiendo datos de casillas
[15:59:12.845] [TCP Client Thread/INFO] [StatusText]: Recibiendo datos de casillas
[15:59:21.378] [TCP Client Thread/INFO] [StatusText]: Recibiendo datos de casillas
[15:59:31.244] [TCP Client Thread/INFO] [StatusText]: Recibiendo datos de casillas
[16:00:58.289] [TCP Client Thread/INFO] [StatusText]: Recibiendo datos de casillas
[16:01:22.125] [TCP Client Thread/INFO] [StatusText]: Recibiendo datos de casillas
[16:01:33.065] [TCP Client Thread/INFO] [StatusText]: Recibiendo datos de casillas
[16:01:38.276] [TCP Client Thread/INFO] [StatusText]: Recibiendo datos de casillas
[16:01:52.148] [TCP Client Thread/INFO] [StatusText]: Recibiendo datos de casillas
[16:01:55.049] [TCP Client Thread/INFO] [StatusText]: Recibiendo datos de casillas
[16:02:02.918] [TCP Client Thread/INFO] [StatusText]: Recibiendo datos de casillas
[16:02:32.933] [TCP Client Thread/INFO] [StatusText]: Recibiendo datos de casillas
[16:02:44.868] [TCP Client Thread/INFO] [StatusText]: Recibiendo datos de casillas
[16:06:57.932] [TCP Client Thread/INFO] [StatusText]: Recibiendo datos de casillas
[16:07:43.218] [TCP Client Thread/INFO] [StatusText]: Recibiendo datos de casillas
[16:09:53.535] [TCP Client Thread/INFO] [StatusText]: Recibiendo datos de casillas
[16:10:01.246] [TCP Client Thread/INFO] [StatusText]: Recibiendo datos de casillas
[16:10:21.118] [TCP Client Thread/INFO] [StatusText]: Recibiendo datos de casillas
[16:10:58.313] [TCP Client Thread/INFO] [StatusText]: Recibiendo datos de casillas
[16:11:40.764] [TCP Client Thread/INFO] [StatusText]: Recibiendo datos de casillas
[16:12:14.023] [TCP Client Thread/INFO] [StatusText]: Recibiendo datos de casillas
[16:12:34.077] [TCP Client Thread/INFO] [StatusText]: Recibiendo datos de casillas
[16:16:24.974] [TCP Client Thread/INFO] [StatusText]: Recibiendo datos de casillas
[16:16:27.472] [TCP Client Thread/INFO] [StatusText]: Recibiendo datos de casillas
[16:16:31.889] [TCP Client Thread/INFO] [StatusText]: Recibiendo datos de casillas
[16:16:33.440] [TCP Client Thread/INFO] [StatusText]: Recibiendo datos de casillas
[16:16:38.956] [TCP Client Thread/INFO] [StatusText]: Recibiendo datos de casillas
[16:16:41.607] [TCP Client Thread/INFO] [StatusText]: Recibiendo datos de casillas
[16:16:56.311] [TCP Client Thread/INFO] [StatusText]: Recibiendo datos de casillas
[16:17:03.973] [TCP Client Thread/INFO] [StatusText]: Recibiendo datos de casillas
[16:17:09.363] [TCP Client Thread/INFO] [StatusText]: Recibiendo datos de casillas
[16:17:34.740] [TCP Client Thread/INFO] [StatusText]: Recibiendo datos de casillas
[16:20:11.657] [TCP Client Thread/INFO] [StatusText]: Recibiendo datos de casillas
[16:20:27.277] [TCP Client Thread/INFO] [StatusText]: Recibiendo datos de casillas
[16:20:38.380] [TCP Client Thread/INFO] [StatusText]: Recibiendo datos de casillas
[16:21:13.927] [TCP Client Thread/INFO] [StatusText]: Recibiendo datos de casillas
[16:22:02.258] [TCP Client Thread/INFO] [StatusText]: Recibiendo datos de casillas
[16:29:56.383] [TCP Client Thread/INFO] [StatusText]: Recibiendo datos de casillas
[16:30:20.690] [TCP Client Thread/INFO] [StatusText]: Recibiendo datos de casillas
[16:30:46.861] [TCP Client Thread/INFO] [StatusText]: Recibiendo datos de casillas
[16:30:54.074] [TCP Client Thread/INFO] [StatusText]: Recibiendo datos de casillas
[16:30:54.439] [TCP Client Thread/INFO] [StatusText]: Recibiendo datos de casillas
[16:31:05.935] [TCP Client Thread/INFO] [StatusText]: Recibiendo datos de casillas
[16:31:15.162] [TCP Client Thread/INFO] [StatusText]: Recibiendo datos de casillas
[16:31:22.508] [TCP Client Thread/INFO] [StatusText]: Recibiendo datos de casillas
[16:31:33.806] [TCP Client Thread/INFO] [StatusText]: Recibiendo datos de casillas
[16:31:43.826] [TCP Client Thread/INFO] [StatusText]: Recibiendo datos de casillas
[16:31:52.070] [TCP Client Thread/INFO] [StatusText]: Recibiendo datos de casillas
[16:31:57.287] [TCP Client Thread/INFO] [StatusText]: Recibiendo datos de casillas
[16:32:04.672] [TCP Client Thread/INFO] [StatusText]: Recibiendo datos de casillas
[16:32:07.370] [TCP Client Thread/INFO] [StatusText]: Recibiendo datos de casillas
[16:32:13.642] [TCP Client Thread/INFO] [StatusText]: Recibiendo datos de casillas
[16:32:16.887] [TCP Client Thread/INFO] [StatusText]: Recibiendo datos de casillas
[16:37:02.783] [TCP Client Thread/INFO] [StatusText]: Recibiendo datos de casillas
[16:37:19.265] [TCP Client Thread/INFO] [StatusText]: Recibiendo datos de casillas
[16:37:27.483] [TCP Client Thread/INFO] [StatusText]: Recibiendo datos de casillas
[16:37:45.799] [TCP Client Thread/INFO] [StatusText]: Recibiendo datos de casillas
[16:38:08.422] [TCP Client Thread/INFO] [StatusText]: Recibiendo datos de casillas
[16:38:43.393] [TCP Client Thread/INFO] [StatusText]: Recibiendo datos de casillas
[16:38:54.464] [TCP Client Thread/INFO] [StatusText]: Recibiendo datos de casillas
[16:39:05.564] [TCP Client Thread/INFO] [StatusText]: Recibiendo datos de casillas
[16:39:12.413] [TCP Client Thread/INFO] [StatusText]: Recibiendo datos de casillas
[16:39:19.836] [TCP Client Thread/INFO] [StatusText]: Recibiendo datos de casillas
[16:39:27.548] [TCP Client Thread/INFO] [StatusText]: Recibiendo datos de casillas
[16:39:37.276] [TCP Client Thread/INFO] [StatusText]: Recibiendo datos de casillas
[16:39:46.240] [TCP Client Thread/INFO] [StatusText]: Recibiendo datos de casillas
[16:39:52.673] [TCP Client Thread/INFO] [StatusText]: Recibiendo datos de casillas
[16:39:54.231] [TCP Client Thread/INFO] [StatusText]: Recibiendo datos de casillas
[16:42:32.043] [Main Thread/WARN] [tML]: Excepción silenciosa: 
System.NullReferenceException: Object reference not set to an instance of an object.
   at CalamityMod.Projectiles.Summon.DeathstareBeam.AI() in CalamityMod\Projectiles\Summon\DeathstareBeam.cs:line 31
   at Terraria.ModLoader.ProjectileLoader.AI(Projectile projectile) in tModLoader\Terraria\ModLoader\ProjectileLoader.cs:line 179
   at Terraria.ModLoader.ProjectileLoader.ProjectileAI(Projectile projectile) in tModLoader\Terraria\ModLoader\ProjectileLoader.cs:line 153
   at Terraria.Projectile.Update(Int32 i) in tModLoader\Terraria\Projectile.cs:line 13004
   at DMD<System.Void Terraria.Main:DoUpdateInWorld(System.Diagnostics.Stopwatch)>(Main this, Stopwatch sw)
   at SyncProxy<System.Void Terraria.Main:DoUpdateInWorld(System.Diagnostics.Stopwatch)>(Main , Stopwatch )
   at Terraria.Main.DoUpdate(GameTime& gameTime) in tModLoader\Terraria\Main.cs:line 14556
   at DMD<System.Void Terraria.Main:Update(Microsoft.Xna.Framework.GameTime)>(Main this, GameTime gameTime)
   at Hook<System.Void ThoriumMod.UI.ThoriumInterfaceResources::OnResolutionChanged(Terraria.On_Main+orig_Update,Terraria.Main,Microsoft.Xna.Framework.GameTime)>(Main , GameTime )
   at SyncProxy<System.Void Terraria.Main:Update(Microsoft.Xna.Framework.GameTime)>(Main , GameTime )
   at Microsoft.Xna.Framework.Game.Tick() in D:\a\tModLoader\tModLoader\FNA\src\Game.cs:line 488
   at Microsoft.Xna.Framework.Game.RunLoop() in D:\a\tModLoader\tModLoader\FNA\src\Game.cs:line 878
   at Microsoft.Xna.Framework.Game.Run() in D:\a\tModLoader\tModLoader\FNA\src\Game.cs:line 419
   at Terraria.Program.RunGame() in tModLoader\Terraria\Program.cs:line 266
   at Terraria.Program.LaunchGame_(Boolean isServer) in tModLoader\Terraria\Program.cs:line 240
   at Terraria.Program.LaunchGame(String[] args, Boolean monoArgs) in tModLoader\Terraria\Program.cs:line 213
   at Terraria.MonoLaunch.Main_End(String[] args) in tModLoader\Terraria\MonoLaunch.cs:line 78
   at Terraria.MonoLaunch.<>c__DisplayClass1_0.<Main>b__1() in tModLoader\Terraria\MonoLaunch.cs:line 64
   at System.Threading.Thread.StartCallback()

[16:48:01.471] [TCP Client Thread/INFO] [StatusText]: Recibiendo datos de casillas
[16:48:49.492] [TCP Client Thread/INFO] [StatusText]: Recibiendo datos de casillas
[16:49:39.366] [TCP Client Thread/INFO] [StatusText]: Recibiendo datos de casillas
[17:04:02.003] [TCP Client Thread/INFO] [StatusText]: Recibiendo datos de casillas
[17:04:08.921] [TCP Client Thread/INFO] [StatusText]: Recibiendo datos de casillas
[17:04:15.703] [TCP Client Thread/INFO] [StatusText]: Recibiendo datos de casillas
[17:04:27.754] [TCP Client Thread/INFO] [StatusText]: Recibiendo datos de casillas
[17:04:34.536] [TCP Client Thread/INFO] [StatusText]: Recibiendo datos de casillas
[17:05:04.222] [TCP Client Thread/INFO] [StatusText]: Recibiendo datos de casillas
[17:26:12.402] [TCP Client Thread/INFO] [StatusText]: Recibiendo datos de casillas
[17:35:57.383] [Main Thread/ERROR] [Fargowiltas]: --CLIENT-- HANDING MESSAGE: 0
[17:38:26.350] [Main Thread/ERROR] [Fargowiltas]: --CLIENT-- HANDING MESSAGE: 0
[17:50:13.775] [TCP Client Thread/INFO] [StatusText]: Recibiendo datos de casillas
[17:50:31.243] [TCP Client Thread/INFO] [StatusText]: Recibiendo datos de casillas
[17:50:59.224] [TCP Client Thread/INFO] [StatusText]: Recibiendo datos de casillas
[18:00:04.787] [TCP Client Thread/INFO] [StatusText]: Recibiendo datos de casillas
[18:02:00.106] [TCP Client Thread/INFO] [StatusText]: Recibiendo datos de casillas
[18:35:36.995] [.NET ThreadPool Worker/INFO] [StatusText]: Guardando datos de mapa
[18:35:37.982] [TCP Client Thread/INFO] [Network]: Closing TcpSocket
[19:49:56.573] [Main Thread/WARN] [CalamityMod]: Cooldown "PotionSickness" loaded from NBT with discrepant netID 22. This cooldown was registered with netID 26
[19:49:56.664] [Main Thread/WARN] [CalamityMod]: Cooldown "PotionSickness" loaded from NBT with discrepant netID 22. This cooldown was registered with netID 26
[19:49:56.740] [Main Thread/WARN] [CalamityMod]: Cooldown "PotionSickness" loaded from NBT with discrepant netID 20. This cooldown was registered with netID 26
[19:50:00.265] [Main Thread/WARN] [CalamityMod]: Cooldown "PotionSickness" loaded from NBT with discrepant netID 22. This cooldown was registered with netID 26
[19:50:00.336] [Main Thread/WARN] [CalamityMod]: Cooldown "PotionSickness" loaded from NBT with discrepant netID 22. This cooldown was registered with netID 26
[19:50:00.373] [Main Thread/WARN] [CalamityMod]: Cooldown "PotionSickness" loaded from NBT with discrepant netID 20. This cooldown was registered with netID 26
[19:50:02.734] [Main Thread/WARN] [CalamityMod]: Cooldown "PotionSickness" loaded from NBT with discrepant netID 22. This cooldown was registered with netID 26
[19:50:02.846] [Main Thread/WARN] [CalamityMod]: Cooldown "PotionSickness" loaded from NBT with discrepant netID 22. This cooldown was registered with netID 26
[19:50:02.914] [Main Thread/WARN] [CalamityMod]: Cooldown "PotionSickness" loaded from NBT with discrepant netID 22. This cooldown was registered with netID 26
[19:50:02.950] [Main Thread/WARN] [CalamityMod]: Cooldown "PotionSickness" loaded from NBT with discrepant netID 20. This cooldown was registered with netID 26
[19:50:04.665] [TCP Client Thread/INFO] [Terraria]: Connecting to 127.0.0.1:7777
[19:50:05.245] [Main Thread/INFO] [tML]: Server reports AllowVanillaClients set to False
[19:50:05.332] [Main Thread/DEBUG] [tML]: Server mods: BDFXmod v1.4.3.3[492b2db5], BossChecklist v2.1.3[217301d7], CalamityMod v2.0.3.9[b143f41e], CalamityModEsp v1.11.0.0[7cb55f54], CalamityModMusic v2.0.3.7[1c4d600c], CalamityOverhaul v0.342[492801b3], ClickerClass v1.4.1[91e52bf9], Fargowiltas v3.3[53aeef3c], MBStats v0.4.7[15d089d3], NoMoreTombs v2.0[0e12501d], OreExcavator v0.8.7[bc49cf82], ThoriumMod v1.7.1.5[cdac60d1], RagnarokMod v1.2[bf2f3644], RecipeBrowser v0.10.3.1[b4cfb745], SerousCommonLib v1.0.5.1[b8310598], StructureHelper v2.4.0[ab4ddf73], SubworldLibrary v2.2.2.1[cae787d9], UnCalamityModMusic v1.11.1[5f8c6d16], WingSlotExtra v1.4.4[5577e07d]
[19:50:05.335] [Main Thread/DEBUG] [tML]: Download queue: 
[19:50:05.337] [Main Thread/DEBUG] [tML]: Configs:
		CalamityOverhaul:ContentConfig {"MurasamaScaleOffset":1.0,"MurasamaRisingDragonCoolDownBarSize":1.0}
		Fargowiltas:FargoServerConfig {}
		MBStats:MBStatsConfigServer {}
		NoMoreTombs:Configuration {}
		OreExcavator:OreExcavatorConfig_Server {"manaConsumption":0.0,"oreMultiplier":1.0}
		ThoriumMod:ThoriumConfigServer {"donatorAccessories":{},"donatorVanities":{},"donatorWeapons":{},"donatorOther":{}}
[19:50:07.626] [TCP Client Thread/INFO] [StatusText]: Cargando datos de mapa
[19:50:08.026] [TCP Client Thread/INFO] [StatusText]: Trazando mapa
[19:50:08.074] [TCP Client Thread/INFO] [StatusText]: Recibiendo datos de casillas
[19:50:08.182] [Main Thread/INFO] [Terraria]: Entering world with player: Mr cucker, IsCloud=False, Width: 8400, Height: 2400, Evil: 1, GameMode: 2
[19:50:09.950] [.NET ThreadPool Worker/DEBUG] [tML]: Web Request: https://raw.githubusercontent.com/Dummiez/tModLoader-WingSlotExtra/main/build.txt
[19:50:10.025] [.NET ThreadPool Worker/DEBUG] [tML]: Web Request: https://raw.githubusercontent.com/Dummiez/tModLoader-WingSlotExtra/main/build.txt
[19:50:10.954] [.NET ThreadPool Worker/INFO] [OreExcavator]: [Ore Excavator (1.4.3/1.4.4 Veinminer)] - v0.8.7
	  We have a discord for bug reporting and feature suggestions:
	  https://discord.gg/FtrsRtPe6h

	  We've released a HUGE update with translations, fixes, and more!
	  Most major issues have been fixed, and compatibility expanded.
	  We recommend resetting OE's configs, and re-editing them as you see fit.
	  If your language is missing, come help us translate the mod on Discord!

	  Oh yeah, you can also disable this popup in your Client configs.
[19:55:39.272] [Main Thread/WARN] [FNA]: KEY/SCANCODE MISSING FROM SDL2->XNA DICTIONARY: 191 SDL_SCANCODE_EQUALS
[19:55:39.338] [Main Thread/WARN] [FNA]: KEY/SCANCODE MISSING FROM SDL2->XNA DICTIONARY: 191 SDL_SCANCODE_EQUALS
[19:57:21.990] [TCP Client Thread/INFO] [StatusText]: Recibiendo datos de casillas
[19:57:28.395] [TCP Client Thread/INFO] [StatusText]: Recibiendo datos de casillas
[19:58:17.190] [TCP Client Thread/INFO] [StatusText]: Recibiendo datos de casillas
[20:06:32.389] [TCP Client Thread/INFO] [StatusText]: Recibiendo datos de casillas
[20:38:18.775] [Main Thread/WARN] [tML]: Excepción silenciosa: 
System.IndexOutOfRangeException: Index was outside the bounds of the array.
   at Terraria.WorldGen.KillTile_MakeTileDust(Int32 i, Int32 j, Tile tileCache) in tModLoader\Terraria\WorldGen.cs:line 49986
   at Terraria.WorldGen.KillTile(Int32 i, Int32 j, Boolean fail, Boolean effectOnly, Boolean noItem) in tModLoader\Terraria\WorldGen.cs:line 46062
   at Terraria.WorldGen.CheckTree(Int32 i, Int32 j) in tModLoader\Terraria\WorldGen.cs:line 39397
   at Terraria.WorldGen.TileFrame(Int32 i, Int32 j, Boolean resetFrame, Boolean noBreak) in tModLoader\Terraria\WorldGen.cs:line 60693
   at Terraria.WorldGen.SquareTileFrame(Int32 i, Int32 j, Boolean resetFrame) in tModLoader\Terraria\WorldGen.cs:line 58950
   at Terraria.WorldGen.KillTile(Int32 i, Int32 j, Boolean fail, Boolean effectOnly, Boolean noItem) in tModLoader\Terraria\WorldGen.cs:line 46242
   at Terraria.MessageBuffer.GetData(Int32 start, Int32 length, Int32& messageType) in tModLoader\Terraria\MessageBuffer.cs:line 1025
   at Terraria.NetMessage.CheckBytes(Int32 bufferIndex) in tModLoader\Terraria\NetMessage.cs:line 2384
   at Terraria.Main.DoUpdate(GameTime& gameTime) in tModLoader\Terraria\Main.cs:line 14195
   at DMD<System.Void Terraria.Main:Update(Microsoft.Xna.Framework.GameTime)>(Main this, GameTime gameTime)
   at Hook<System.Void ThoriumMod.UI.ThoriumInterfaceResources::OnResolutionChanged(Terraria.On_Main+orig_Update,Terraria.Main,Microsoft.Xna.Framework.GameTime)>(Main , GameTime )
   at SyncProxy<System.Void Terraria.Main:Update(Microsoft.Xna.Framework.GameTime)>(Main , GameTime )
   at Microsoft.Xna.Framework.Game.Tick() in D:\a\tModLoader\tModLoader\FNA\src\Game.cs:line 488
   at Microsoft.Xna.Framework.Game.RunLoop() in D:\a\tModLoader\tModLoader\FNA\src\Game.cs:line 878
   at Microsoft.Xna.Framework.Game.Run() in D:\a\tModLoader\tModLoader\FNA\src\Game.cs:line 419
   at Terraria.Program.RunGame() in tModLoader\Terraria\Program.cs:line 266
   at Terraria.Program.LaunchGame_(Boolean isServer) in tModLoader\Terraria\Program.cs:line 240
   at Terraria.Program.LaunchGame(String[] args, Boolean monoArgs) in tModLoader\Terraria\Program.cs:line 213
   at Terraria.MonoLaunch.Main_End(String[] args) in tModLoader\Terraria\MonoLaunch.cs:line 78
   at Terraria.MonoLaunch.<>c__DisplayClass1_0.<Main>b__1() in tModLoader\Terraria\MonoLaunch.cs:line 64
   at System.Threading.Thread.StartCallback()

[20:43:53.274] [TCP Client Thread/INFO] [StatusText]: Recibiendo datos de casillas
[20:50:05.702] [Main Thread/WARN] [tML]: Excepción silenciosa: 
System.IndexOutOfRangeException: Index was outside the bounds of the array.
   at Terraria.WorldGen.KillTile_MakeTileDust(Int32 i, Int32 j, Tile tileCache) in tModLoader\Terraria\WorldGen.cs:line 49986
   at Terraria.WorldGen.KillTile(Int32 i, Int32 j, Boolean fail, Boolean effectOnly, Boolean noItem) in tModLoader\Terraria\WorldGen.cs:line 46062
   at Terraria.WorldGen.CheckTree(Int32 i, Int32 j) in tModLoader\Terraria\WorldGen.cs:line 39397
   at Terraria.WorldGen.TileFrame(Int32 i, Int32 j, Boolean resetFrame, Boolean noBreak) in tModLoader\Terraria\WorldGen.cs:line 60693
   at Terraria.WorldGen.RangeFrame(Int32 startX, Int32 startY, Int32 endX, Int32 endY) in tModLoader\Terraria\WorldGen.cs:line 59119
   at Terraria.MessageBuffer.GetData(Int32 start, Int32 length, Int32& messageType) in tModLoader\Terraria\MessageBuffer.cs:line 1260
   at Terraria.NetMessage.CheckBytes(Int32 bufferIndex) in tModLoader\Terraria\NetMessage.cs:line 2384
   at Terraria.Main.DoUpdate(GameTime& gameTime) in tModLoader\Terraria\Main.cs:line 14195
   at DMD<System.Void Terraria.Main:Update(Microsoft.Xna.Framework.GameTime)>(Main this, GameTime gameTime)
   at Hook<System.Void ThoriumMod.UI.ThoriumInterfaceResources::OnResolutionChanged(Terraria.On_Main+orig_Update,Terraria.Main,Microsoft.Xna.Framework.GameTime)>(Main , GameTime )
   at SyncProxy<System.Void Terraria.Main:Update(Microsoft.Xna.Framework.GameTime)>(Main , GameTime )
   at Microsoft.Xna.Framework.Game.Tick() in D:\a\tModLoader\tModLoader\FNA\src\Game.cs:line 488
   at Microsoft.Xna.Framework.Game.RunLoop() in D:\a\tModLoader\tModLoader\FNA\src\Game.cs:line 878
   at Microsoft.Xna.Framework.Game.Run() in D:\a\tModLoader\tModLoader\FNA\src\Game.cs:line 419
   at Terraria.Program.RunGame() in tModLoader\Terraria\Program.cs:line 266
   at Terraria.Program.LaunchGame_(Boolean isServer) in tModLoader\Terraria\Program.cs:line 240
   at Terraria.Program.LaunchGame(String[] args, Boolean monoArgs) in tModLoader\Terraria\Program.cs:line 213
   at Terraria.MonoLaunch.Main_End(String[] args) in tModLoader\Terraria\MonoLaunch.cs:line 78
   at Terraria.MonoLaunch.<>c__DisplayClass1_0.<Main>b__1() in tModLoader\Terraria\MonoLaunch.cs:line 64
   at System.Threading.Thread.StartCallback()

[20:57:58.259] [TCP Client Thread/INFO] [StatusText]: Recibiendo datos de casillas
[20:58:02.209] [TCP Client Thread/INFO] [StatusText]: Recibiendo datos de casillas
[20:58:17.279] [TCP Client Thread/INFO] [StatusText]: Recibiendo datos de casillas
[20:58:24.234] [TCP Client Thread/INFO] [StatusText]: Recibiendo datos de casillas
[20:58:28.267] [TCP Client Thread/INFO] [StatusText]: Recibiendo datos de casillas
[20:58:35.284] [TCP Client Thread/INFO] [StatusText]: Recibiendo datos de casillas
[20:58:38.493] [TCP Client Thread/INFO] [StatusText]: Recibiendo datos de casillas
[20:58:40.215] [TCP Client Thread/INFO] [StatusText]: Recibiendo datos de casillas
[20:58:49.263] [TCP Client Thread/INFO] [StatusText]: Recibiendo datos de casillas
[21:05:17.052] [TCP Client Thread/INFO] [StatusText]: Recibiendo datos de casillas
[21:06:46.441] [TCP Client Thread/INFO] [StatusText]: Recibiendo datos de casillas
[21:08:15.858] [Main Thread/WARN] [tML]: Failed to get legacy sound style for (68, 1) input.
[21:08:16.259] [Main Thread/WARN] [tML]: Failed to get legacy sound style for (68, 1) input.
[21:08:19.266] [Main Thread/WARN] [tML]: Failed to get legacy sound style for (68, 1) input.
[21:08:21.053] [Main Thread/WARN] [tML]: Failed to get legacy sound style for (68, 1) input.
[21:08:21.467] [Main Thread/WARN] [tML]: Failed to get legacy sound style for (68, 1) input.
[21:08:23.595] [Main Thread/WARN] [tML]: Failed to get legacy sound style for (68, 1) input.
[21:08:23.964] [Main Thread/WARN] [tML]: Failed to get legacy sound style for (67, 1) input.
[21:08:25.481] [Main Thread/WARN] [tML]: Failed to get legacy sound style for (67, 1) input.
[21:08:26.576] [Main Thread/WARN] [tML]: Failed to get legacy sound style for (67, 1) input.
[21:08:42.085] [Main Thread/WARN] [tML]: Failed to get legacy sound style for (68, 1) input.
[21:08:48.018] [Main Thread/WARN] [tML]: Failed to get legacy sound style for (68, 1) input.
[21:14:58.126] [TCP Client Thread/INFO] [StatusText]: Recibiendo datos de casillas
[21:15:08.539] [TCP Client Thread/INFO] [StatusText]: Recibiendo datos de casillas
[21:15:14.263] [TCP Client Thread/INFO] [StatusText]: Recibiendo datos de casillas
[21:15:23.245] [TCP Client Thread/INFO] [StatusText]: Recibiendo datos de casillas
[21:16:39.586] [TCP Client Thread/INFO] [StatusText]: Recibiendo datos de casillas
[21:20:51.717] [TCP Client Thread/INFO] [StatusText]: Recibiendo datos de casillas
[21:21:10.058] [TCP Client Thread/INFO] [StatusText]: Recibiendo datos de casillas
[21:21:17.697] [TCP Client Thread/INFO] [StatusText]: Recibiendo datos de casillas
[21:21:41.158] [TCP Client Thread/INFO] [StatusText]: Recibiendo datos de casillas
[21:40:59.508] [TCP Client Thread/INFO] [StatusText]: Recibiendo datos de casillas
[21:42:44.779] [TCP Client Thread/INFO] [StatusText]: Recibiendo datos de casillas
[21:42:45.291] [TCP Client Thread/INFO] [StatusText]: Recibiendo datos de casillas
[21:52:31.064] [TCP Client Thread/INFO] [StatusText]: Recibiendo datos de casillas
[21:52:34.343] [TCP Client Thread/INFO] [StatusText]: Recibiendo datos de casillas
[21:52:38.808] [TCP Client Thread/INFO] [StatusText]: Recibiendo datos de casillas
[21:52:49.562] [TCP Client Thread/INFO] [StatusText]: Recibiendo datos de casillas
[21:59:03.312] [TCP Client Thread/INFO] [StatusText]: Recibiendo datos de casillas
[21:59:40.088] [TCP Client Thread/INFO] [StatusText]: Recibiendo datos de casillas
[21:59:48.404] [TCP Client Thread/INFO] [StatusText]: Recibiendo datos de casillas
[21:59:55.893] [TCP Client Thread/INFO] [StatusText]: Recibiendo datos de casillas
[22:00:10.487] [TCP Client Thread/INFO] [StatusText]: Recibiendo datos de casillas
[22:00:17.366] [TCP Client Thread/INFO] [StatusText]: Recibiendo datos de casillas
[22:00:36.050] [TCP Client Thread/INFO] [StatusText]: Recibiendo datos de casillas
[22:00:43.352] [TCP Client Thread/INFO] [StatusText]: Recibiendo datos de casillas
[22:00:44.150] [TCP Client Thread/INFO] [StatusText]: Recibiendo datos de casillas
[22:00:52.983] [TCP Client Thread/INFO] [StatusText]: Recibiendo datos de casillas
[22:01:07.267] [TCP Client Thread/INFO] [StatusText]: Recibiendo datos de casillas
[22:01:17.985] [TCP Client Thread/INFO] [StatusText]: Recibiendo datos de casillas
[22:02:15.183] [TCP Client Thread/INFO] [StatusText]: Recibiendo datos de casillas
[22:13:23.070] [Main Thread/WARN] [tML]: Excepción silenciosa: 
System.IndexOutOfRangeException: Index was outside the bounds of the array.
   at Terraria.WorldGen.KillTile_MakeTileDust(Int32 i, Int32 j, Tile tileCache) in tModLoader\Terraria\WorldGen.cs:line 49986
   at Terraria.WorldGen.KillTile(Int32 i, Int32 j, Boolean fail, Boolean effectOnly, Boolean noItem) in tModLoader\Terraria\WorldGen.cs:line 46062
   at Terraria.WorldGen.CheckTree(Int32 i, Int32 j) in tModLoader\Terraria\WorldGen.cs:line 39397
   at Terraria.WorldGen.TileFrame(Int32 i, Int32 j, Boolean resetFrame, Boolean noBreak) in tModLoader\Terraria\WorldGen.cs:line 60693
   at Terraria.WorldGen.SquareTileFrame(Int32 i, Int32 j, Boolean resetFrame) in tModLoader\Terraria\WorldGen.cs:line 58948
   at Terraria.WorldGen.KillTile(Int32 i, Int32 j, Boolean fail, Boolean effectOnly, Boolean noItem) in tModLoader\Terraria\WorldGen.cs:line 46242
   at Terraria.MessageBuffer.GetData(Int32 start, Int32 length, Int32& messageType) in tModLoader\Terraria\MessageBuffer.cs:line 1025
   at Terraria.NetMessage.CheckBytes(Int32 bufferIndex) in tModLoader\Terraria\NetMessage.cs:line 2384
   at Terraria.Main.DoUpdate(GameTime& gameTime) in tModLoader\Terraria\Main.cs:line 14195
   at DMD<System.Void Terraria.Main:Update(Microsoft.Xna.Framework.GameTime)>(Main this, GameTime gameTime)
   at Hook<System.Void ThoriumMod.UI.ThoriumInterfaceResources::OnResolutionChanged(Terraria.On_Main+orig_Update,Terraria.Main,Microsoft.Xna.Framework.GameTime)>(Main , GameTime )
   at SyncProxy<System.Void Terraria.Main:Update(Microsoft.Xna.Framework.GameTime)>(Main , GameTime )
   at Microsoft.Xna.Framework.Game.Tick() in D:\a\tModLoader\tModLoader\FNA\src\Game.cs:line 488
   at Microsoft.Xna.Framework.Game.RunLoop() in D:\a\tModLoader\tModLoader\FNA\src\Game.cs:line 878
   at Microsoft.Xna.Framework.Game.Run() in D:\a\tModLoader\tModLoader\FNA\src\Game.cs:line 419
   at Terraria.Program.RunGame() in tModLoader\Terraria\Program.cs:line 266
   at Terraria.Program.LaunchGame_(Boolean isServer) in tModLoader\Terraria\Program.cs:line 240
   at Terraria.Program.LaunchGame(String[] args, Boolean monoArgs) in tModLoader\Terraria\Program.cs:line 213
   at Terraria.MonoLaunch.Main_End(String[] args) in tModLoader\Terraria\MonoLaunch.cs:line 78
   at Terraria.MonoLaunch.<>c__DisplayClass1_0.<Main>b__1() in tModLoader\Terraria\MonoLaunch.cs:line 64
   at System.Threading.Thread.StartCallback()

[22:21:48.379] [.NET ThreadPool Worker/INFO] [StatusText]: Guardando datos de mapa
[22:21:49.396] [TCP Client Thread/INFO] [Network]: Closing TcpSocket
[22:21:50.385] [Main Thread/DEBUG] [TerrariaSteamClient]: Send: shutdown
