PUBLIC=C:/Users/Public
PROCESSOR_IDENTIFIER=Intel64 Family 6 Model 42 Stepping 7, GenuineIntel
HOMEDRIVE=C:
dotnet_version=6.0.0
PROMPT=$P$G
COMMONPROGRAMFILES(X86)=C:/Program Files (x86)/Common Files
HOMEPATH=/Users/Administrator
LOGNAME=root
LOCALAPPDATA=C:/Users/Administrator/AppData/Local
FPS_BROWSER_APP_PROFILE_STRING=Internet Explorer
dotnet_dir=F:/ssteam/steamapps/common/tModLoader/dotnet
FNA_WORKAROUND_WINDOW_RESIZABLE=1
PATHEXT=.COM;.EXE;.BAT;.CMD;.VBS;.VBE;.JS;.JSE;.WSF;.WSH;.MSC
install_dir=F:/ssteam/steamapps/common/tModLoader/dotnet/6.0.0
PROCESSOR_REVISION=2a07
COMMONPROGRAMW6432=C:/Program Files/Common Files
USER=root
PROCESSOR_ARCHITECTURE=AMD64
ALLUSERSPROFILE=C:/ProgramData
DRIVERDATA=C:/Windows/System32/Drivers/DriverData
PROGRAMFILES(X86)=C:/Program Files (x86)
PWD=F:/ssteam/steamapps/common/tModLoader
USERNAME=Administrator
SYSTEMROOT=C:\Windows
HOME=C:/Windows/System32
PROGRAMFILES_X86_=C:/Program Files (x86)
PROGRAMFILES=C:/Program Files
PROGRAMW6432=C:/Program Files
SHLVL=2
WINDOWS_MAJOR=10
WINDOWS_MINOR=0
PATH=F:/ssteam/steamapps/common/tModLoader/Libraries/Native/Windows;C:/Program Files/Common Files/Oracle/Java/javapath;C:/Windows/system32;C:/Windows;C:/Windows/System32/Wbem;C:/Windows/System32/WindowsPowerShell/v1.0/;C:/Program Files (x86)/NVIDIA Corporation/PhysX/Common;C:/Program Files/NVIDIA Corporation/NVIDIA NvDLISR;C:/Program Files/dotnet/;C:/Android/platform-tools;C:/Program Files/Git/cmd;C:/Program Files/nodejs/;C:/TDM-GCC-64/bin;C:/Program Files/Cloudflare/Cloudflare WARP/;C:/Users/Administrator/AppData/Local/Microsoft/WindowsApps;C:/Program Files (x86)/Nmap;C:/Users/Administrator/AppData/Roaming/npm;C:/Users/Administrator/Downloads/apache-maven-3.9.3-bin/apache-maven-3.9.3/bin;C:/Users/Administrator/.dotnet/tools
APPDATA=C:/Users/Administrator/AppData/Roaming
NUMBER_OF_PROCESSORS=4
PSMODULEPATH=C:/Program Files/WindowsPowerShell/Modules;C:/Windows/system32/WindowsPowerShell/v1.0/Modules
TMP=C:/Users/ADMINI~1/AppData/Local/Temp
SHELL=/bin/sh
PROGRAMDATA=C:/ProgramData
USERPROFILE=C:/Users/Administrator
PROCESSOR_LEVEL=6
DOTNET_ROLL_FORWARD=Disable
OS=Windows_NT
__COMPAT_LAYER=RunAsAdmin
TEMP=C:/Users/ADMINI~1/AppData/Local/Temp
SYSTEMDRIVE=C:
COMMONPROGRAMFILES=C:/Program Files/Common Files
OLDPWD=F:/ssteam/steamapps/common/tModLoader/LaunchUtils
MAVEN_HOME=C:/Users/Administrator/Downloads/apache-maven-3.9.3-bin/apache-maven-3.9.3
SESSIONNAME=Console
COMSPEC=C:\Windows\system32\cmd.exe
COMPUTERNAME=KERNELOS-PC
USERDOMAIN=KERNELOS-PC
COMMONPROGRAMFILES_X86_=C:/Program Files (x86)/Common Files
FPS_BROWSER_USER_PROFILE_STRING=Default
USERDOMAIN_ROAMINGPROFILE=KERNELOS-PC
BB_GLOBBING=0
LOGONSERVER=//KERNELOS-PC
WINDIR=C:\Windows
