DRIVERDATA=C:/Windows/System32/Drivers/DriverData
COMSPEC=C:\Windows\system32\cmd.exe
PROCESSOR_IDENTIFIER=Intel64 Family 6 Model 42 Stepping 7, GenuineIntel
TEMP=C:/Users/ADMINI~1/AppData/Local/Temp
PWD=F:/ssteam/steamapps/common/tModLoader
PROMPT=$P$G
FPS_BROWSER_USER_PROFILE_STRING=Default
STEAMAPPID=1281930
LOCAL_APPDATA=C:/Users/Administrator/AppData/Local
PROGRAMW6432=C:/Program Files
STEAM_FOSSILIZE_DUMP_PATH=F:/ssteam/steamapps/shadercache/1281930/fozpipelinesv6/steamapprun_pipeline_cache
STEAMENV=1
WINDOWS_MAJOR=10
STEAMCLIENTLAUNCH=1
COMMONPROGRAMFILES_X86_=C:/Program Files (x86)/Common Files
DXVK_STATE_CACHE_PATH=F:/ssteam/steamapps/shadercache/1281930/DXVK_state_cache
COMMONPROGRAMFILES(X86)=C:/Program Files (x86)/Common Files
STEAMSTREAMINGHARDWAREENCODINGNVIDIA=1
OS=Windows_NT
PROGRAMFILES=C:/Program Files
SDL_JOYSTICK_HIDAPI_STEAMXBOX=0
MESA_SHADER_CACHE_MAX_SIZE=5G
WINDIR=C:\Windows
FPS_BROWSER_APP_PROFILE_STRING=Internet Explorer
NUMBER_OF_PROCESSORS=4
HOME=C:/Windows/System32
HOMEPATH=/Users/Administrator
PSMODULEPATH=C:/Program Files/WindowsPowerShell/Modules;C:/Windows/system32/WindowsPowerShell/v1.0/Modules
USERPROFILE=C:/Users/Administrator
PUBLIC=C:/Users/Public
OLDPWD=F:/ssteam/steamapps/common/tModLoader/LaunchUtils
STEAMOVERLAYGAMEID=1281930
STEAMVIDEOTOKEN=1056
32f5h290g53047gv5034nbvt923b

AMD_VK_PIPELINE_CACHE_FILENAME=steamapp_shader_cache
STEAMSTREAMINGHARDWAREENCODINGINTEL=1
__GL_SHADER_DISK_CACHE_SKIP_CLEANUP=1
ENABLE_VK_LAYER_VALVE_STEAM_FOSSILIZE_1=1
LOGNAME=root
__GL_SHADER_DISK_CACHE_READ_ONLY_APP_NAME=steam_shader_cache;steamapp_merged_shader_cache
LOCALAPPDATA=C:/Users/Administrator/AppData/Local
USERDOMAIN_ROAMINGPROFILE=KERNELOS-PC
install_dir=F:/ssteam/steamapps/common/tModLoader/dotnet/6.0.0
ROOTDRIVE=F
LOGONSERVER=//KERNELOS-PC
ENABLECONFIGURATORSUPPORT=0
SYSTEMDRIVE=C:
WINDOWS_MINOR=0
APPDATA=C:/Users/Administrator/AppData/Roaming
STEAMSTREAMINGHARDWAREENCODINGAMD=1
HOMEDRIVE=C:
STEAMGAMEID=1281930
SDL_GAMECONTROLLERCONFIG=03000000de280000ff11000001000000,Steam Virtual Gamepad,a:b0,b:b1,back:b6,dpdown:h0.4,dpleft:h0.8,dpright:h0.2,dpup:h0.1,leftshoulder:b4,leftstick:b8,lefttrigger:+a2,leftx:a0,lefty:a1,rightshoulder:b5,rightstick:b9,righttrigger:-a2,rightx:a3,righty:a4,start:b7,x:b2,y:b3,platform:Windows,
03000000de280000ff11000000000000,Steam Virtual Gamepad,a:b0,b:b1,back:b6,dpdown:h0.4,dpleft:h0.8,dpright:h0.2,dpup:h0.1,leftshoulder:b4,leftstick:b8,lefttrigger:+a2,leftx:a0,lefty:a1,rightshoulder:b5,rightstick:b9,righttrigger:-a2,rightx:a3,righty:a4,start:b7,x:b2,y:b3,platform:Windows,
030000005e0400008e02000000007801,XInput Controller,a:b0,b:b1,back:b6,dpdown:h0.4,dpleft:h0.8,dpright:h0.2,dpup:h0.1,guide:b10,leftshoulder:b4,leftstick:b8,lefttrigger:a2,leftx:a0,lefty:a1,rightshoulder:b5,rightstick:b9,righttrigger:a5,rightx:a3,righty:a4,start:b7,x:b2,y:b3,platform:Windows,
,platform:Windows
030000005e040000fd02000000007801,XInput Controller,a:b0,b:b1,back:b6,dpdown:h0.4,dpleft:h0.8,dpright:h0.2,dpup:h0.1,guide:b10,leftshoulder:b4,leftstick:b8,lefttrigger:a2,leftx:a0,lefty:a1,rightshoulder:b5,rightstick:b9,righttrigger:a5,rightx:a3,righty:a4,start:b7,x:b2,y:b3,platform:Windows,
03000000de280000ff11000000007701,Steam Virtual Gamepad,a:b0,b:b1,back:b6,dpdown:b12,dpleft:b13,dpright:b11,dpup:b10,leftshoulder:b4,leftstick:b8,lefttrigger:a4,leftx:a1,lefty:a0~,rightshoulder:b5,rightstick:b9,righttrigger:a5,rightx:a3,righty:a2~,start:b7,x:b2,y:b3,platform:Windows,
PROGRAMDATA=C:/ProgramData
__GL_SHADER_DISK_CACHE_APP_NAME=steamapp_shader_cache
ENABLE_VK_LAYER_VALVE_STEAM_OVERLAY_1=1
FNA_WORKAROUND_WINDOW_RESIZABLE=1
PROCESSOR_REVISION=2a07
__COMPAT_LAYER=RunAsAdmin
STEAMPATH=F:/ssteam
BB_GLOBBING=0
USERNAME=Administrator
dotnet_version=6.0.0
AMD_VK_PIPELINE_CACHE_PATH=F:/ssteam/steamapps/shadercache/1281930/AMDv1
MESA_DISK_CACHE_SINGLE_FILE=1
ALLUSERSPROFILE=C:/ProgramData
STEAM_FOSSILIZE_DUMP_PATH_READ_ONLY=$bucketdir/steam_pipeline_cache.foz;$bucketdir/steamapp_pipeline_cache.foz
BREAKPAD_DUMP_LOCATION=F:/ssteam/dumps
PROCESSOR_LEVEL=6
COMPUTERNAME=KERNELOS-PC
STEAMUSER=luisfer1534
dotnet_dir=F:/ssteam/steamapps/common/tModLoader/dotnet
MAVEN_HOME=C:/Users/Administrator/Downloads/apache-maven-3.9.3-bin/apache-maven-3.9.3
STEAM_COMPAT_MEDIA_PATH=F:/ssteam/steamapps/shadercache/1281930/fozmediav1
SHELL=/bin/sh
SDL_GAMECONTROLLER_ALLOW_STEAM_VIRTUAL_GAMEPAD=1
PROGRAMFILES_X86_=C:/Program Files (x86)
MESA_DISK_CACHE_READ_ONLY_FOZ_DBS=steam_cache,steam_precompiled
STEAMID=76561198387944309
VALVEPLATFORMMUTEX=f:/ssteam/steam.exe
MESA_GLSL_CACHE_MAX_SIZE=5G
PATH=F:/ssteam/steamapps/common/tModLoader/Libraries/Native/Windows;F:/ssteam;C:/Program Files/Common Files/Oracle/Java/javapath;C:/Windows/system32;C:/Windows;C:/Windows/System32/Wbem;C:/Windows/System32/WindowsPowerShell/v1.0/;C:/Program Files (x86)/NVIDIA Corporation/PhysX/Common;C:/Program Files/NVIDIA Corporation/NVIDIA NvDLISR;C:/Program Files/dotnet/;C:/Android/platform-tools;C:/Program Files/Git/cmd;C:/Program Files/nodejs/;C:/TDM-GCC-64/bin;C:/Program Files/Cloudflare/Cloudflare WARP/;C:/Users/Administrator/AppData/Local/Microsoft/WindowsApps;C:/Program Files (x86)/Nmap;C:/Users/Administrator/AppData/Roaming/npm;C:/Users/Administrator/Downloads/apache-maven-3.9.3-bin/apache-maven-3.9.3/bin;C:/Users/Administrator/.dotnet/tools
STEAM_COMPAT_TRANSCODED_MEDIA_PATH=F:/ssteam/steamapps/shadercache/1281930
COMMONPROGRAMFILES=C:/Program Files/Common Files
COMMONPROGRAMW6432=C:/Program Files/Common Files
FOSSILIZE_APPLICATION_INFO_FILTER_PATH=F:/fossilize_engine_filters.json
COMMON_MYDOCS=C:/Users/Public/Documents
USER_MYDOCS=C:/Users/Administrator/Documents
INSTALLDIR=F:/ssteam/steamapps/common/Steamworks Shared
USERDOMAIN=KERNELOS-PC
PATHEXT=.COM;.EXE;.BAT;.CMD;.VBS;.VBE;.JS;.JSE;.WSF;.WSH;.MSC
PROCESSOR_ARCHITECTURE=AMD64
SESSIONNAME=Console
AMD_VK_USE_PIPELINE_CACHE=1
TMP=C:/Users/ADMINI~1/AppData/Local/Temp
PROGRAMFILES(X86)=C:/Program Files (x86)
MESA_SHADER_CACHE_DIR=F:/ssteam/steamapps/shadercache/1281930
__GL_SHADER_DISK_CACHE_PATH=F:/ssteam/steamapps/shadercache/1281930/nvidiav1
STEAMAPPUSER=luisfer1534
SHLVL=1
SYSTEMROOT=C:\Windows
USER=root
MESA_GLSL_CACHE_DIR=F:/ssteam/steamapps/shadercache/1281930
FOSSILIZE_DUMP_PATH_READ_ONLY=$bucketdir/steam_pipeline_cache.foz;$bucketdir/steamapp_pipeline_cache.foz
SESSIONNAME=Console
LLUSERSPROFILE=C:/ProgramData
;.CMD;.VBS;.VBE;.JS;.JSE;.WSF;.WSH;.MSC
PROCESSOR_LEVEL=6
fossilize_engine_filters.json
