PSMODULEPATH=C:/Program Files/WindowsPowerShell/Modules;C:/Windows/system32/WindowsPowerShell/v1.0/Modules
AMD_VK_PIPELINE_CACHE_PATH=F:/ssteam/steamapps/shadercache/1281930/AMDv1
USERDOMAIN=KERNELOS-PC
PUBLIC=C:/Users/Public
ENABLE_VK_LAYER_VALVE_STEAM_OVERLAY_1=1
STEAM_COMPAT_TRANSCODED_MEDIA_PATH=F:/ssteam/steamapps/shadercache/1281930
STEAMAPPUSER=luisfer1534
COMMON_MYDOCS=C:/Users/Public/Documents
PROGRAMFILES(X86)=C:/Program Files (x86)
STEAM_FOSSILIZE_DUMP_PATH_READ_ONLY=$bucketdir/steam_pipeline_cache.foz;$bucketdir/steamapp_pipeline_cache.foz
WINDOWS_MINOR=0
PROGRAMDATA=C:/ProgramData
FOSSILIZE_APPLICATION_INFO_FILTER_PATH=F:/fossilize_engine_filters.json
COMSPEC=C:\Windows\system32\cmd.exe
VALVEPLATFORMMUTEX=f:/ssteam/steam.exe
USERNAME=Administrator
DRIVERDATA=C:/Windows/System32/Drivers/DriverData
TEMP=C:/Users/ADMINI~1/AppData/Local/Temp
WINDIR=C:\Windows
STEAMOVERLAYGAMEID=1281930
PWD=F:/ssteam/steamapps/common/tModLoader
COMMONPROGRAMW6432=C:/Program Files/Common Files
MESA_DISK_CACHE_SINGLE_FILE=1
SYSTEMROOT=C:\Windows
ROOTDRIVE=F
__GL_SHADER_DISK_CACHE_PATH=F:/ssteam/steamapps/shadercache/1281930/nvidiav1
MESA_GLSL_CACHE_MAX_SIZE=5G
MESA_DISK_CACHE_READ_ONLY_FOZ_DBS=steam_cache,steam_precompiled
COMMONPROGRAMFILES=C:/Program Files/Common Files
USER_MYDOCS=C:/Users/Administrator/Documents
HOMEDRIVE=C:
STEAMSTREAMINGHARDWAREENCODINGAMD=1
STEAMSTREAMINGHARDWAREENCODINGNVIDIA=1
STEAMAPPID=1281930
FPS_BROWSER_USER_PROFILE_STRING=Default
PROCESSOR_ARCHITECTURE=AMD64
LOGNAME=root
COMMONPROGRAMFILES_X86_=C:/Program Files (x86)/Common Files
LOCALAPPDATA=C:/Users/Administrator/AppData/Local
LOGONSERVER=//KERNELOS-PC
MESA_SHADER_CACHE_MAX_SIZE=5G
STEAMVIDEOTOKEN=12024
32f5h290g53047gv5034nbvt923b

__GL_SHADER_DISK_CACHE_APP_NAME=steamapp_shader_cache
dotnet_version=6.0.14
ENABLE_VK_LAYER_VALVE_STEAM_FOSSILIZE_1=1
BB_GLOBBING=0
STEAM_COMPAT_MEDIA_PATH=F:/ssteam/steamapps/shadercache/1281930/fozmediav1
COMPUTERNAME=KERNELOS-PC
APPDATA=C:/Users/Administrator/AppData/Roaming
STEAMSTREAMINGHARDWAREENCODINGINTEL=1
SESSIONNAME=Console
SDL_GAMECONTROLLER_ALLOW_STEAM_VIRTUAL_GAMEPAD=1
PROGRAMW6432=C:/Program Files
COMMONPROGRAMFILES(X86)=C:/Program Files (x86)/Common Files
install_dir=F:/ssteam/steamapps/common/tModLoader/dotnet/6.0.14
NUMBER_OF_PROCESSORS=4
SHELL=/bin/sh
SYSTEMDRIVE=C:
PROCESSOR_LEVEL=6
HOME=C:/Windows/System32
__GL_SHADER_DISK_CACHE_SKIP_CLEANUP=1
AMD_VK_USE_PIPELINE_CACHE=1
STEAM_FOSSILIZE_DUMP_PATH=F:/ssteam/steamapps/shadercache/1281930/fozpipelinesv6/steamapprun_pipeline_cache
STEAMID=76561198387944309
PATH=F:/ssteam/steamapps/common/tModLoader/Libraries/Native/Windows;F:/ssteam;C:/Program Files/Common Files/Oracle/Java/javapath;C:/Windows/system32;C:/Windows;C:/Windows/System32/Wbem;C:/Windows/System32/WindowsPowerShell/v1.0/;C:/Program Files (x86)/NVIDIA Corporation/PhysX/Common;C:/Program Files/NVIDIA Corporation/NVIDIA NvDLISR;C:/Program Files/dotnet/;C:/Android/platform-tools;C:/Program Files/Git/cmd;C:/Program Files/nodejs/;C:/TDM-GCC-64/bin;C:/Program Files/Cloudflare/Cloudflare WARP/;C:/Program Files (x86)/ZeroTier/One/;C:/Users/Administrator/AppData/Local/Microsoft/WindowsApps;C:/Program Files (x86)/Nmap;C:/Users/Administrator/AppData/Roaming/npm;C:/Users/Administrator/Downloads/apache-maven-3.9.3-bin/apache-maven-3.9.3/bin;C:/Users/Administrator/.dotnet/tools;F:/apk/Microsoft VS Code/bin;F:/apk/apache-maven-3.9.6-bin/apache-maven-3.9.6/bin;
INSTALLDIR=F:/ssteam/steamapps/common/Steamworks Shared
ENABLECONFIGURATORSUPPORT=0
DOTNET_ROLL_FORWARD=Disable
FNA_WORKAROUND_WINDOW_RESIZABLE=1
STEAMVIRTUALGAMEPADINFO=F:/ssteam/config/virtualgamepadinfo.txt
SDL_GAMECONTROLLERCONFIG=03000000de280000ff11000001000000,Steam Virtual Gamepad,a:b0,b:b1,back:b6,dpdown:h0.4,dpleft:h0.8,dpright:h0.2,dpup:h0.1,leftshoulder:b4,leftstick:b8,lefttrigger:+a2,leftx:a0,lefty:a1,rightshoulder:b5,rightstick:b9,righttrigger:-a2,rightx:a3,righty:a4,start:b7,x:b2,y:b3,platform:Windows,
03000000de280000ff11000000000000,Steam Virtual Gamepad,a:b0,b:b1,back:b6,dpdown:h0.4,dpleft:h0.8,dpright:h0.2,dpup:h0.1,leftshoulder:b4,leftstick:b8,lefttrigger:+a2,leftx:a0,lefty:a1,rightshoulder:b5,rightstick:b9,righttrigger:-a2,rightx:a3,righty:a4,start:b7,x:b2,y:b3,platform:Windows,
03000000de280000ff11000000007701,Steam Virtual Gamepad,a:b0,b:b1,back:b6,dpdown:b12,dpleft:b13,dpright:b11,dpup:b10,leftshoulder:b4,leftstick:b8,lefttrigger:a4,leftx:a1,lefty:a0~,rightshoulder:b5,rightstick:b9,righttrigger:a5,rightx:a3,righty:a2~,start:b7,x:b2,y:b3,platform:Windows,
030000004c0500006802000000000000,PS3 Controller,a:b2,b:b1,back:b9,dpdown:h0.4,dpleft:h0.8,dpright:h0.2,dpup:h0.1,guide:b12,leftshoulder:b6,leftstick:b10,lefttrigger:a3~,leftx:a0,lefty:a1,rightshoulder:b7,rightstick:b11,righttrigger:a4~,rightx:a2,righty:a5,start:b8,x:b3,y:b0,platform:Windows,
030000005e0400008e02000000007801,XInput Controller,a:b0,b:b1,back:b6,dpdown:h0.4,dpleft:h0.8,dpright:h0.2,dpup:h0.1,guide:b10,leftshoulder:b4,leftstick:b8,lefttrigger:a2,leftx:a0,lefty:a1,rightshoulder:b5,rightstick:b9,righttrigger:a5,rightx:a3,righty:a4,start:b7,x:b2,y:b3,platform:Windows,
03000000100800000100000000000000,PS1 Controller,a:b2,b:b1,back:b8,dpdown:h0.4,dpleft:h0.8,dpright:h0.2,dpup:h0.1,leftshoulder:b6,leftstick:b10,lefttrigger:b4,leftx:a0,lefty:a1,rightshoulder:b7,rightstick:b11,righttrigger:b5,rightx:a3,righty:a2,start:b9,x:b3,y:b0,platform:Windows,
ALLUSERSPROFILE=C:/ProgramData
STEAMUSER=luisfer1534
AMD_VK_PIPELINE_CACHE_FILENAME=steamapp_shader_cache
MESA_GLSL_CACHE_DIR=F:/ssteam/steamapps/shadercache/1281930
TMP=C:/Users/ADMINI~1/AppData/Local/Temp
FPS_BROWSER_APP_PROFILE_STRING=Internet Explorer
PROGRAMFILES=C:/Program Files
MESA_SHADER_CACHE_DIR=F:/ssteam/steamapps/shadercache/1281930
dotnet_dir=F:/ssteam/steamapps/common/tModLoader/dotnet
USERDOMAIN_ROAMINGPROFILE=KERNELOS-PC
PROCESSOR_IDENTIFIER=Intel64 Family 6 Model 42 Stepping 7, GenuineIntel
STEAMCLIENTLAUNCH=1
USER=root
STEAMENV=1
USERPROFILE=C:/Users/Administrator
PROCESSOR_REVISION=2a07
OLDPWD=F:/ssteam/steamapps/common/tModLoader/LaunchUtils
LOCAL_APPDATA=C:/Users/Administrator/AppData/Local
BREAKPAD_DUMP_LOCATION=F:/ssteam/dumps
PROGRAMFILES_X86_=C:/Program Files (x86)
HOMEPATH=/Users/Administrator
STEAMGAMEID=1281930
DXVK_STATE_CACHE_PATH=F:/ssteam/steamapps/shadercache/1281930/DXVK_state_cache
PATHEXT=.COM;.EXE;.BAT;.CMD;.VBS;.VBE;.JS;.JSE;.WSF;.WSH;.MSC
OS=Windows_NT
PROMPT=$P$G
SDL_JOYSTICK_HIDAPI_STEAMXBOX=0
WINDOWS_MAJOR=10
STEAMPATH=F:/ssteam
SHLVL=1
__GL_SHADER_DISK_CACHE_READ_ONLY_APP_NAME=steam_shader_cache;steamapp_merged_shader_cache
